mode: set
github.com/keshablive/quester/internal/app/app.go:39.26,42.16 2 0
github.com/keshablive/quester/internal/app/app.go:42.16,44.3 1 0
github.com/keshablive/quester/internal/app/app.go:47.2,47.29 1 0
github.com/keshablive/quester/internal/app/app.go:47.29,49.44 2 0
github.com/keshablive/quester/internal/app/app.go:49.44,51.51 2 0
github.com/keshablive/quester/internal/app/app.go:51.51,53.5 1 0
github.com/keshablive/quester/internal/app/app.go:55.3,55.73 1 0
github.com/keshablive/quester/internal/app/app.go:59.2,66.51 2 0
github.com/keshablive/quester/internal/app/app.go:66.51,68.3 1 0
github.com/keshablive/quester/internal/app/app.go:69.2,77.51 3 0
github.com/keshablive/quester/internal/app/app.go:77.51,79.3 1 0
github.com/keshablive/quester/internal/app/app.go:80.2,88.62 5 0
github.com/keshablive/quester/internal/app/app.go:88.62,90.3 1 0
github.com/keshablive/quester/internal/app/app.go:91.2,94.62 2 0
github.com/keshablive/quester/internal/app/app.go:94.62,96.3 1 0
github.com/keshablive/quester/internal/app/app.go:97.2,122.24 13 0
github.com/keshablive/quester/internal/app/app.go:122.24,125.3 2 0
github.com/keshablive/quester/internal/app/app.go:128.2,128.25 1 0
github.com/keshablive/quester/internal/app/app.go:128.25,136.57 2 0
github.com/keshablive/quester/internal/app/app.go:136.57,139.4 1 0
github.com/keshablive/quester/internal/app/app.go:139.9,141.4 1 0
github.com/keshablive/quester/internal/app/app.go:145.2,152.25 2 0
github.com/keshablive/quester/internal/app/app.go:152.25,154.3 1 0
github.com/keshablive/quester/internal/app/app.go:156.2,162.25 3 0
github.com/keshablive/quester/internal/app/app.go:162.25,164.3 1 0
github.com/keshablive/quester/internal/app/app.go:167.2,174.46 2 0
github.com/keshablive/quester/internal/app/app.go:174.46,176.43 1 0
github.com/keshablive/quester/internal/app/app.go:176.43,181.4 1 0
github.com/keshablive/quester/internal/app/app.go:184.3,184.40 1 0
github.com/keshablive/quester/internal/app/app.go:184.40,189.4 1 0
github.com/keshablive/quester/internal/app/app.go:191.3,195.5 1 0
github.com/keshablive/quester/internal/app/app.go:199.2,199.24 1 0
github.com/keshablive/quester/internal/app/app.go:199.24,201.3 1 0
github.com/keshablive/quester/internal/app/app.go:204.2,213.8 2 0
github.com/keshablive/quester/internal/app/app.go:217.29,221.2 3 0
github.com/keshablive/quester/internal/app/app.go:224.32,228.28 2 0
github.com/keshablive/quester/internal/app/app.go:228.28,231.3 2 0
github.com/keshablive/quester/internal/app/app.go:234.2,234.32 1 0
github.com/keshablive/quester/internal/app/app.go:234.32,237.3 2 0
github.com/keshablive/quester/internal/app/app.go:240.2,240.34 1 0
github.com/keshablive/quester/internal/app/app.go:240.34,243.3 2 0
github.com/keshablive/quester/internal/app/app.go:246.2,246.41 1 0
github.com/keshablive/quester/internal/app/app.go:246.41,248.3 1 0
github.com/keshablive/quester/internal/app/app.go:251.2,251.38 1 0
github.com/keshablive/quester/internal/app/app.go:251.38,253.3 1 0
github.com/keshablive/quester/internal/app/app.go:256.2,256.30 1 0
github.com/keshablive/quester/internal/app/app.go:256.30,259.3 2 0
github.com/keshablive/quester/internal/app/app.go:262.2,262.27 1 0
github.com/keshablive/quester/internal/app/app.go:266.56,269.37 2 0
github.com/keshablive/quester/internal/app/app.go:269.37,271.3 1 0
github.com/keshablive/quester/internal/app/app.go:273.2,275.4 1 0
github.com/keshablive/quester/internal/app/app.go:279.44,280.19 1 0
github.com/keshablive/quester/internal/app/app.go:280.19,282.3 1 0
github.com/keshablive/quester/internal/app/app.go:283.2,284.32 2 0
github.com/keshablive/quester/internal/app/app.go:284.32,286.3 1 0
github.com/keshablive/quester/internal/app/app.go:287.2,287.15 1 0
github.com/keshablive/quester/internal/app/app.go:292.61,300.40 3 0
github.com/keshablive/quester/internal/app/app.go:300.40,301.44 1 0
github.com/keshablive/quester/internal/app/app.go:301.44,303.4 1 0
github.com/keshablive/quester/internal/app/app.go:306.2,306.21 1 0
github.com/keshablive/quester/internal/app/app.go:306.21,308.3 1 0
github.com/keshablive/quester/internal/app/app.go:312.2,313.15 2 0
github.com/keshablive/quester/internal/app/app.go:313.15,315.3 1 0
github.com/keshablive/quester/internal/app/app.go:318.2,319.24 2 0
github.com/keshablive/quester/internal/app/app.go:319.24,322.3 1 0
github.com/keshablive/quester/internal/app/app.go:324.2,324.12 1 0
github.com/keshablive/quester/internal/app/app.go:328.58,334.6 4 0
github.com/keshablive/quester/internal/app/app.go:334.6,335.10 1 0
github.com/keshablive/quester/internal/app/app.go:336.21,338.10 2 0
github.com/keshablive/quester/internal/app/app.go:339.19,343.41 2 0
github.com/keshablive/quester/internal/app/app.go:343.41,360.5 3 0
github.com/keshablive/quester/internal/app/app.go:366.75,372.6 4 0
github.com/keshablive/quester/internal/app/app.go:372.6,373.10 1 0
github.com/keshablive/quester/internal/app/app.go:374.21,376.10 2 0
github.com/keshablive/quester/internal/app/app.go:377.19,381.23 2 0
github.com/keshablive/quester/internal/app/app.go:381.23,389.5 2 0
github.com/keshablive/quester/internal/app/app.go:395.51,398.15 2 0
github.com/keshablive/quester/internal/app/app.go:398.15,400.3 1 0
github.com/keshablive/quester/internal/app/app.go:403.2,403.104 1 0
github.com/keshablive/quester/internal/app/app.go:403.104,405.3 1 0
github.com/keshablive/quester/internal/app/app.go:405.17,407.3 1 0
github.com/keshablive/quester/internal/app/app.go:410.2,410.101 1 0
github.com/keshablive/quester/internal/app/app.go:410.101,412.3 1 0
github.com/keshablive/quester/internal/app/app.go:412.17,414.3 1 0
github.com/keshablive/quester/internal/app/app.go:417.2,417.100 1 0
github.com/keshablive/quester/internal/app/app.go:417.100,419.3 1 0
github.com/keshablive/quester/internal/app/app.go:419.17,421.3 1 0
github.com/keshablive/quester/internal/app/app.go:424.2,424.107 1 0
github.com/keshablive/quester/internal/app/app.go:424.107,426.3 1 0
github.com/keshablive/quester/internal/app/app.go:426.17,428.3 1 0
github.com/keshablive/quester/internal/app/app.go:431.2,431.101 1 0
github.com/keshablive/quester/internal/app/app.go:431.101,433.3 1 0
github.com/keshablive/quester/internal/app/app.go:433.17,435.3 1 0
github.com/keshablive/quester/internal/app/app.go:438.2,438.107 1 0
github.com/keshablive/quester/internal/app/app.go:438.107,440.3 1 0
github.com/keshablive/quester/internal/app/app.go:440.17,442.3 1 0
github.com/keshablive/quester/internal/app/app.go:471.48,484.2 0 0
github.com/keshablive/quester/internal/app/app.go:487.67,494.94 2 0
github.com/keshablive/quester/internal/app/app.go:494.94,496.3 1 0
github.com/keshablive/quester/internal/app/app.go:496.17,498.3 1 0
github.com/keshablive/quester/internal/app/app.go:501.2,501.91 1 0
github.com/keshablive/quester/internal/app/app.go:501.91,503.3 1 0
github.com/keshablive/quester/internal/app/app.go:503.17,505.3 1 0
github.com/keshablive/quester/internal/app/app.go:508.2,508.92 1 0
github.com/keshablive/quester/internal/app/app.go:508.92,510.3 1 0
github.com/keshablive/quester/internal/app/app.go:510.17,512.3 1 0
github.com/keshablive/quester/internal/app/app.go:514.2,526.10 6 0
github.com/keshablive/quester/internal/controllers/achievement_controller.go:23.67,35.16 7 0
github.com/keshablive/quester/internal/controllers/achievement_controller.go:35.16,50.3 5 0
github.com/keshablive/quester/internal/controllers/achievement_controller.go:50.8,52.3 1 0
github.com/keshablive/quester/internal/controllers/achievement_controller.go:54.2,56.3 1 0
github.com/keshablive/quester/internal/controllers/achievement_controller.go:60.67,77.2 11 0
github.com/keshablive/quester/internal/controllers/achievement_controller.go:81.72,87.25 4 0
github.com/keshablive/quester/internal/controllers/achievement_controller.go:87.25,89.21 2 0
github.com/keshablive/quester/internal/controllers/achievement_controller.go:89.21,95.4 1 0
github.com/keshablive/quester/internal/controllers/achievement_controller.go:96.3,96.18 1 0
github.com/keshablive/quester/internal/controllers/achievement_controller.go:99.2,100.16 2 0
github.com/keshablive/quester/internal/controllers/achievement_controller.go:100.16,106.3 1 0
github.com/keshablive/quester/internal/controllers/achievement_controller.go:108.2,112.4 1 0
github.com/keshablive/quester/internal/controllers/achievement_controller.go:117.71,121.16 3 0
github.com/keshablive/quester/internal/controllers/achievement_controller.go:121.16,127.3 1 0
github.com/keshablive/quester/internal/controllers/achievement_controller.go:129.2,130.16 2 0
github.com/keshablive/quester/internal/controllers/achievement_controller.go:130.16,131.36 1 0
github.com/keshablive/quester/internal/controllers/achievement_controller.go:131.36,137.4 1 0
github.com/keshablive/quester/internal/controllers/achievement_controller.go:138.3,142.5 1 0
github.com/keshablive/quester/internal/controllers/achievement_controller.go:145.2,148.4 1 0
github.com/keshablive/quester/internal/controllers/achievement_controller.go:153.76,160.16 4 0
github.com/keshablive/quester/internal/controllers/achievement_controller.go:160.16,166.3 1 0
github.com/keshablive/quester/internal/controllers/achievement_controller.go:168.2,172.4 1 0
github.com/keshablive/quester/internal/controllers/achievement_controller.go:177.69,181.16 3 0
github.com/keshablive/quester/internal/controllers/achievement_controller.go:181.16,187.3 1 0
github.com/keshablive/quester/internal/controllers/achievement_controller.go:189.2,192.4 1 0
github.com/keshablive/quester/internal/controllers/achievement_controller.go:197.73,201.30 3 0
github.com/keshablive/quester/internal/controllers/achievement_controller.go:201.30,203.3 1 0
github.com/keshablive/quester/internal/controllers/achievement_controller.go:205.2,206.16 2 0
github.com/keshablive/quester/internal/controllers/achievement_controller.go:206.16,212.3 1 0
github.com/keshablive/quester/internal/controllers/achievement_controller.go:214.2,218.4 1 0
github.com/keshablive/quester/internal/controllers/achievement_controller.go:223.74,227.16 3 0
github.com/keshablive/quester/internal/controllers/achievement_controller.go:227.16,233.3 1 0
github.com/keshablive/quester/internal/controllers/achievement_controller.go:235.2,238.4 1 0
github.com/keshablive/quester/internal/controllers/achievement_controller.go:243.74,245.51 2 0
github.com/keshablive/quester/internal/controllers/achievement_controller.go:245.51,251.3 1 0
github.com/keshablive/quester/internal/controllers/achievement_controller.go:254.2,256.93 2 0
github.com/keshablive/quester/internal/controllers/achievement_controller.go:256.93,262.3 1 0
github.com/keshablive/quester/internal/controllers/achievement_controller.go:264.2,268.4 1 0
github.com/keshablive/quester/internal/controllers/achievement_controller.go:273.74,275.16 2 0
github.com/keshablive/quester/internal/controllers/achievement_controller.go:275.16,281.3 1 0
github.com/keshablive/quester/internal/controllers/achievement_controller.go:283.2,284.51 2 0
github.com/keshablive/quester/internal/controllers/achievement_controller.go:284.51,290.3 1 0
github.com/keshablive/quester/internal/controllers/achievement_controller.go:292.2,294.93 2 0
github.com/keshablive/quester/internal/controllers/achievement_controller.go:294.93,300.3 1 0
github.com/keshablive/quester/internal/controllers/achievement_controller.go:302.2,306.4 1 0
github.com/keshablive/quester/internal/controllers/achievement_controller.go:311.74,313.16 2 0
github.com/keshablive/quester/internal/controllers/achievement_controller.go:313.16,319.3 1 0
github.com/keshablive/quester/internal/controllers/achievement_controller.go:321.2,321.94 1 0
github.com/keshablive/quester/internal/controllers/achievement_controller.go:321.94,327.3 1 0
github.com/keshablive/quester/internal/controllers/achievement_controller.go:329.2,332.4 1 0
github.com/keshablive/quester/internal/controllers/analytics_controller.go:19.86,21.2 1 0
github.com/keshablive/quester/internal/controllers/analytics_controller.go:25.71,29.16 3 0
github.com/keshablive/quester/internal/controllers/analytics_controller.go:29.16,33.3 1 0
github.com/keshablive/quester/internal/controllers/analytics_controller.go:35.2,40.45 2 0
github.com/keshablive/quester/internal/controllers/analytics_controller.go:40.45,44.3 1 0
github.com/keshablive/quester/internal/controllers/analytics_controller.go:46.2,47.21 2 0
github.com/keshablive/quester/internal/controllers/analytics_controller.go:47.21,49.3 1 0
github.com/keshablive/quester/internal/controllers/analytics_controller.go:51.2,51.90 1 0
github.com/keshablive/quester/internal/controllers/analytics_controller.go:51.90,55.3 1 0
github.com/keshablive/quester/internal/controllers/analytics_controller.go:57.2,59.4 1 0
github.com/keshablive/quester/internal/controllers/analytics_controller.go:64.77,68.16 3 0
github.com/keshablive/quester/internal/controllers/analytics_controller.go:68.16,72.3 1 0
github.com/keshablive/quester/internal/controllers/analytics_controller.go:74.2,77.16 3 0
github.com/keshablive/quester/internal/controllers/analytics_controller.go:77.16,81.3 1 0
github.com/keshablive/quester/internal/controllers/analytics_controller.go:83.2,86.4 1 0
github.com/keshablive/quester/internal/controllers/analytics_controller.go:91.80,95.16 3 0
github.com/keshablive/quester/internal/controllers/analytics_controller.go:95.16,99.3 1 0
github.com/keshablive/quester/internal/controllers/analytics_controller.go:101.2,104.16 3 0
github.com/keshablive/quester/internal/controllers/analytics_controller.go:104.16,108.3 1 0
github.com/keshablive/quester/internal/controllers/analytics_controller.go:110.2,114.4 1 0
github.com/keshablive/quester/internal/controllers/analytics_controller.go:119.73,123.16 3 0
github.com/keshablive/quester/internal/controllers/analytics_controller.go:123.16,127.3 1 0
github.com/keshablive/quester/internal/controllers/analytics_controller.go:129.2,134.45 2 0
github.com/keshablive/quester/internal/controllers/analytics_controller.go:134.45,138.3 1 0
github.com/keshablive/quester/internal/controllers/analytics_controller.go:140.2,141.21 2 0
github.com/keshablive/quester/internal/controllers/analytics_controller.go:141.21,143.3 1 0
github.com/keshablive/quester/internal/controllers/analytics_controller.go:145.2,145.93 1 0
github.com/keshablive/quester/internal/controllers/analytics_controller.go:145.93,149.3 1 0
github.com/keshablive/quester/internal/controllers/analytics_controller.go:151.2,153.4 1 0
github.com/keshablive/quester/internal/controllers/analytics_controller.go:158.79,162.16 3 0
github.com/keshablive/quester/internal/controllers/analytics_controller.go:162.16,166.3 1 0
github.com/keshablive/quester/internal/controllers/analytics_controller.go:168.2,171.16 3 0
github.com/keshablive/quester/internal/controllers/analytics_controller.go:171.16,175.3 1 0
github.com/keshablive/quester/internal/controllers/analytics_controller.go:177.2,180.4 1 0
github.com/keshablive/quester/internal/controllers/analytics_controller.go:185.82,189.16 3 0
github.com/keshablive/quester/internal/controllers/analytics_controller.go:189.16,193.3 1 0
github.com/keshablive/quester/internal/controllers/analytics_controller.go:195.2,198.16 3 0
github.com/keshablive/quester/internal/controllers/analytics_controller.go:198.16,202.3 1 0
github.com/keshablive/quester/internal/controllers/analytics_controller.go:204.2,208.4 1 0
github.com/keshablive/quester/internal/controllers/analytics_controller.go:213.67,220.31 5 0
github.com/keshablive/quester/internal/controllers/analytics_controller.go:220.31,222.3 1 0
github.com/keshablive/quester/internal/controllers/analytics_controller.go:224.2,225.16 2 0
github.com/keshablive/quester/internal/controllers/analytics_controller.go:225.16,229.3 1 0
github.com/keshablive/quester/internal/controllers/analytics_controller.go:231.2,236.4 1 0
github.com/keshablive/quester/internal/controllers/analytics_controller.go:241.77,249.45 3 0
github.com/keshablive/quester/internal/controllers/analytics_controller.go:249.45,253.3 1 0
github.com/keshablive/quester/internal/controllers/analytics_controller.go:255.2,256.21 2 0
github.com/keshablive/quester/internal/controllers/analytics_controller.go:256.21,258.3 1 0
github.com/keshablive/quester/internal/controllers/analytics_controller.go:260.2,260.87 1 0
github.com/keshablive/quester/internal/controllers/analytics_controller.go:260.87,264.3 1 0
github.com/keshablive/quester/internal/controllers/analytics_controller.go:266.2,268.4 1 0
github.com/keshablive/quester/internal/controllers/analytics_controller.go:273.83,279.16 4 0
github.com/keshablive/quester/internal/controllers/analytics_controller.go:279.16,283.3 1 0
github.com/keshablive/quester/internal/controllers/analytics_controller.go:285.2,288.4 1 0
github.com/keshablive/quester/internal/controllers/analytics_controller.go:293.86,299.16 4 0
github.com/keshablive/quester/internal/controllers/analytics_controller.go:299.16,303.3 1 0
github.com/keshablive/quester/internal/controllers/analytics_controller.go:305.2,309.4 1 0
github.com/keshablive/quester/internal/controllers/auth_controller.go:27.120,32.2 1 0
github.com/keshablive/quester/internal/controllers/auth_controller.go:71.56,74.23 2 0
github.com/keshablive/quester/internal/controllers/auth_controller.go:74.23,80.3 1 0
github.com/keshablive/quester/internal/controllers/auth_controller.go:82.2,83.16 2 0
github.com/keshablive/quester/internal/controllers/auth_controller.go:83.16,89.3 1 0
github.com/keshablive/quester/internal/controllers/auth_controller.go:92.2,95.25 3 0
github.com/keshablive/quester/internal/controllers/auth_controller.go:95.25,98.17 2 0
github.com/keshablive/quester/internal/controllers/auth_controller.go:98.17,100.25 1 0
github.com/keshablive/quester/internal/controllers/auth_controller.go:100.25,102.5 1 0
github.com/keshablive/quester/internal/controllers/auth_controller.go:105.4,105.24 1 0
github.com/keshablive/quester/internal/controllers/auth_controller.go:105.24,111.5 1 0
github.com/keshablive/quester/internal/controllers/auth_controller.go:117.2,118.43 2 0
github.com/keshablive/quester/internal/controllers/auth_controller.go:118.43,124.3 1 0
github.com/keshablive/quester/internal/controllers/auth_controller.go:127.2,134.16 3 0
github.com/keshablive/quester/internal/controllers/auth_controller.go:134.16,139.49 2 0
github.com/keshablive/quester/internal/controllers/auth_controller.go:139.49,145.4 1 0
github.com/keshablive/quester/internal/controllers/auth_controller.go:148.3,150.49 1 0
github.com/keshablive/quester/internal/controllers/auth_controller.go:150.49,156.4 1 0
github.com/keshablive/quester/internal/controllers/auth_controller.go:159.3,163.5 1 0
github.com/keshablive/quester/internal/controllers/auth_controller.go:167.2,185.4 2 0
github.com/keshablive/quester/internal/controllers/auth_controller.go:210.55,213.23 2 0
github.com/keshablive/quester/internal/controllers/auth_controller.go:213.23,219.3 1 0
github.com/keshablive/quester/internal/controllers/auth_controller.go:221.2,222.16 2 0
github.com/keshablive/quester/internal/controllers/auth_controller.go:222.16,228.3 1 0
github.com/keshablive/quester/internal/controllers/auth_controller.go:231.2,234.25 3 0
github.com/keshablive/quester/internal/controllers/auth_controller.go:234.25,237.17 2 0
github.com/keshablive/quester/internal/controllers/auth_controller.go:237.17,239.25 1 0
github.com/keshablive/quester/internal/controllers/auth_controller.go:239.25,241.5 1 0
github.com/keshablive/quester/internal/controllers/auth_controller.go:244.4,244.25 1 0
github.com/keshablive/quester/internal/controllers/auth_controller.go:244.25,250.5 1 0
github.com/keshablive/quester/internal/controllers/auth_controller.go:256.2,257.43 2 0
github.com/keshablive/quester/internal/controllers/auth_controller.go:257.43,263.3 1 0
github.com/keshablive/quester/internal/controllers/auth_controller.go:266.2,266.39 1 0
github.com/keshablive/quester/internal/controllers/auth_controller.go:266.39,272.3 1 0
github.com/keshablive/quester/internal/controllers/auth_controller.go:275.2,276.16 2 0
github.com/keshablive/quester/internal/controllers/auth_controller.go:276.16,281.54 2 0
github.com/keshablive/quester/internal/controllers/auth_controller.go:281.54,287.4 1 0
github.com/keshablive/quester/internal/controllers/auth_controller.go:290.3,291.53 1 0
github.com/keshablive/quester/internal/controllers/auth_controller.go:291.53,297.4 1 0
github.com/keshablive/quester/internal/controllers/auth_controller.go:300.3,304.5 1 0
github.com/keshablive/quester/internal/controllers/auth_controller.go:308.2,309.16 2 0
github.com/keshablive/quester/internal/controllers/auth_controller.go:309.16,312.3 1 0
github.com/keshablive/quester/internal/controllers/auth_controller.go:315.2,315.18 1 0
github.com/keshablive/quester/internal/controllers/auth_controller.go:315.18,317.30 2 0
github.com/keshablive/quester/internal/controllers/auth_controller.go:317.30,320.4 1 0
github.com/keshablive/quester/internal/controllers/auth_controller.go:323.3,325.50 3 0
github.com/keshablive/quester/internal/controllers/auth_controller.go:325.50,327.18 2 0
github.com/keshablive/quester/internal/controllers/auth_controller.go:327.18,330.5 1 0
github.com/keshablive/quester/internal/controllers/auth_controller.go:334.3,334.17 1 0
github.com/keshablive/quester/internal/controllers/auth_controller.go:334.17,336.31 1 0
github.com/keshablive/quester/internal/controllers/auth_controller.go:336.31,341.5 1 0
github.com/keshablive/quester/internal/controllers/auth_controller.go:344.4,345.18 2 0
github.com/keshablive/quester/internal/controllers/auth_controller.go:345.18,351.5 1 0
github.com/keshablive/quester/internal/controllers/auth_controller.go:353.4,353.16 1 0
github.com/keshablive/quester/internal/controllers/auth_controller.go:353.16,359.5 1 0
github.com/keshablive/quester/internal/controllers/auth_controller.go:362.4,363.50 2 0
github.com/keshablive/quester/internal/controllers/auth_controller.go:363.50,365.25 2 0
github.com/keshablive/quester/internal/controllers/auth_controller.go:365.25,367.6 1 0
github.com/keshablive/quester/internal/controllers/auth_controller.go:368.5,369.25 2 0
github.com/keshablive/quester/internal/controllers/auth_controller.go:369.25,371.6 1 0
github.com/keshablive/quester/internal/controllers/auth_controller.go:373.5,379.19 2 0
github.com/keshablive/quester/internal/controllers/auth_controller.go:379.19,382.6 1 0
github.com/keshablive/quester/internal/controllers/auth_controller.go:386.4,405.6 2 0
github.com/keshablive/quester/internal/controllers/auth_controller.go:411.2,429.4 2 0
github.com/keshablive/quester/internal/controllers/auth_controller.go:445.62,448.43 2 0
github.com/keshablive/quester/internal/controllers/auth_controller.go:448.43,453.3 1 0
github.com/keshablive/quester/internal/controllers/auth_controller.go:456.2,456.28 1 0
github.com/keshablive/quester/internal/controllers/auth_controller.go:456.28,461.3 1 0
github.com/keshablive/quester/internal/controllers/auth_controller.go:464.2,465.16 2 0
github.com/keshablive/quester/internal/controllers/auth_controller.go:465.16,473.37 2 0
github.com/keshablive/quester/internal/controllers/auth_controller.go:473.37,478.4 1 0
github.com/keshablive/quester/internal/controllers/auth_controller.go:481.3,482.47 1 0
github.com/keshablive/quester/internal/controllers/auth_controller.go:482.47,487.4 1 0
github.com/keshablive/quester/internal/controllers/auth_controller.go:490.3,493.5 1 0
github.com/keshablive/quester/internal/controllers/auth_controller.go:497.2,517.4 2 0
github.com/keshablive/quester/internal/controllers/auth_controller.go:528.56,534.43 2 0
github.com/keshablive/quester/internal/controllers/auth_controller.go:534.43,539.3 1 0
github.com/keshablive/quester/internal/controllers/auth_controller.go:542.2,542.28 1 0
github.com/keshablive/quester/internal/controllers/auth_controller.go:542.28,547.3 1 0
github.com/keshablive/quester/internal/controllers/auth_controller.go:550.2,551.16 2 0
github.com/keshablive/quester/internal/controllers/auth_controller.go:551.16,556.44 2 0
github.com/keshablive/quester/internal/controllers/auth_controller.go:556.44,562.4 1 0
github.com/keshablive/quester/internal/controllers/auth_controller.go:565.3,565.43 1 0
github.com/keshablive/quester/internal/controllers/auth_controller.go:565.43,570.4 1 0
github.com/keshablive/quester/internal/controllers/auth_controller.go:573.3,576.5 1 0
github.com/keshablive/quester/internal/controllers/auth_controller.go:580.2,583.4 1 0
github.com/keshablive/quester/internal/controllers/auth_controller.go:589.59,595.51 2 0
github.com/keshablive/quester/internal/controllers/auth_controller.go:595.51,600.3 1 0
github.com/keshablive/quester/internal/controllers/auth_controller.go:603.2,604.21 2 0
github.com/keshablive/quester/internal/controllers/auth_controller.go:604.21,609.3 1 0
github.com/keshablive/quester/internal/controllers/auth_controller.go:611.2,612.16 2 0
github.com/keshablive/quester/internal/controllers/auth_controller.go:612.16,617.3 1 0
github.com/keshablive/quester/internal/controllers/auth_controller.go:620.2,621.16 2 0
github.com/keshablive/quester/internal/controllers/auth_controller.go:621.16,626.43 2 0
github.com/keshablive/quester/internal/controllers/auth_controller.go:626.43,631.4 1 0
github.com/keshablive/quester/internal/controllers/auth_controller.go:634.3,637.5 1 0
github.com/keshablive/quester/internal/controllers/auth_controller.go:641.2,645.4 1 0
github.com/keshablive/quester/internal/controllers/auth_controller.go:668.66,671.25 2 0
github.com/keshablive/quester/internal/controllers/auth_controller.go:671.25,677.3 1 0
github.com/keshablive/quester/internal/controllers/auth_controller.go:680.2,681.30 2 0
github.com/keshablive/quester/internal/controllers/auth_controller.go:681.30,683.3 1 0
github.com/keshablive/quester/internal/controllers/auth_controller.go:684.2,684.16 1 0
github.com/keshablive/quester/internal/controllers/auth_controller.go:684.16,686.3 1 0
github.com/keshablive/quester/internal/controllers/auth_controller.go:688.2,689.30 2 0
github.com/keshablive/quester/internal/controllers/auth_controller.go:689.30,691.3 1 0
github.com/keshablive/quester/internal/controllers/auth_controller.go:695.2,711.16 4 0
github.com/keshablive/quester/internal/controllers/auth_controller.go:711.16,716.3 1 0
github.com/keshablive/quester/internal/controllers/auth_controller.go:718.2,719.16 2 0
github.com/keshablive/quester/internal/controllers/auth_controller.go:719.16,725.3 1 0
github.com/keshablive/quester/internal/controllers/auth_controller.go:728.2,729.31 2 0
github.com/keshablive/quester/internal/controllers/auth_controller.go:729.31,735.3 1 0
github.com/keshablive/quester/internal/controllers/auth_controller.go:738.2,746.48 6 0
github.com/keshablive/quester/internal/controllers/auth_controller.go:770.70,773.22 2 0
github.com/keshablive/quester/internal/controllers/auth_controller.go:773.22,779.3 1 0
github.com/keshablive/quester/internal/controllers/auth_controller.go:782.2,783.56 2 0
github.com/keshablive/quester/internal/controllers/auth_controller.go:783.56,785.3 1 0
github.com/keshablive/quester/internal/controllers/auth_controller.go:785.8,791.3 1 0
github.com/keshablive/quester/internal/controllers/auth_controller.go:794.2,808.48 8 0
github.com/keshablive/quester/internal/controllers/auth_controller.go:812.66,815.37 2 0
github.com/keshablive/quester/internal/controllers/auth_controller.go:815.37,821.3 1 0
github.com/keshablive/quester/internal/controllers/auth_controller.go:824.2,826.16 3 0
github.com/keshablive/quester/internal/controllers/auth_controller.go:826.16,832.3 1 0
github.com/keshablive/quester/internal/controllers/auth_controller.go:835.2,842.48 5 0
github.com/keshablive/quester/internal/controllers/auth_controller.go:846.37,849.2 2 0
github.com/keshablive/quester/internal/controllers/badge_controller.go:23.55,29.16 4 0
github.com/keshablive/quester/internal/controllers/badge_controller.go:29.16,34.3 2 0
github.com/keshablive/quester/internal/controllers/badge_controller.go:37.2,48.3 6 0
github.com/keshablive/quester/internal/controllers/badge_controller.go:52.61,66.2 9 0
github.com/keshablive/quester/internal/controllers/badge_controller.go:70.60,75.14 3 0
github.com/keshablive/quester/internal/controllers/badge_controller.go:75.14,77.3 1 0
github.com/keshablive/quester/internal/controllers/badge_controller.go:78.2,78.30 1 0
github.com/keshablive/quester/internal/controllers/badge_controller.go:78.30,80.3 1 0
github.com/keshablive/quester/internal/controllers/badge_controller.go:83.2,83.30 1 0
github.com/keshablive/quester/internal/controllers/badge_controller.go:83.30,87.3 1 0
github.com/keshablive/quester/internal/controllers/badge_controller.go:89.2,97.4 1 0
github.com/keshablive/quester/internal/controllers/badge_controller.go:102.62,104.9 2 0
github.com/keshablive/quester/internal/controllers/badge_controller.go:104.9,108.3 1 0
github.com/keshablive/quester/internal/controllers/badge_controller.go:110.2,111.9 2 0
github.com/keshablive/quester/internal/controllers/badge_controller.go:111.9,115.3 1 0
github.com/keshablive/quester/internal/controllers/badge_controller.go:118.2,119.24 2 0
github.com/keshablive/quester/internal/controllers/badge_controller.go:119.24,122.35 3 0
github.com/keshablive/quester/internal/controllers/badge_controller.go:122.35,123.25 1 0
github.com/keshablive/quester/internal/controllers/badge_controller.go:123.25,125.10 2 0
github.com/keshablive/quester/internal/controllers/badge_controller.go:128.3,128.15 1 0
github.com/keshablive/quester/internal/controllers/badge_controller.go:128.15,132.4 1 0
github.com/keshablive/quester/internal/controllers/badge_controller.go:136.2,136.30 1 0
github.com/keshablive/quester/internal/controllers/badge_controller.go:136.30,140.3 1 0
github.com/keshablive/quester/internal/controllers/badge_controller.go:142.2,143.16 2 0
github.com/keshablive/quester/internal/controllers/badge_controller.go:143.16,147.3 1 0
github.com/keshablive/quester/internal/controllers/badge_controller.go:149.2,151.4 1 0
github.com/keshablive/quester/internal/controllers/badge_controller.go:156.64,159.9 2 0
github.com/keshablive/quester/internal/controllers/badge_controller.go:159.9,163.3 1 0
github.com/keshablive/quester/internal/controllers/badge_controller.go:165.2,166.9 2 0
github.com/keshablive/quester/internal/controllers/badge_controller.go:166.9,170.3 1 0
github.com/keshablive/quester/internal/controllers/badge_controller.go:173.2,175.16 3 0
github.com/keshablive/quester/internal/controllers/badge_controller.go:175.16,179.3 1 0
github.com/keshablive/quester/internal/controllers/badge_controller.go:182.2,183.116 2 0
github.com/keshablive/quester/internal/controllers/badge_controller.go:183.116,187.3 1 0
github.com/keshablive/quester/internal/controllers/badge_controller.go:190.2,193.30 2 0
github.com/keshablive/quester/internal/controllers/badge_controller.go:193.30,197.3 1 0
github.com/keshablive/quester/internal/controllers/badge_controller.go:199.2,200.16 2 0
github.com/keshablive/quester/internal/controllers/badge_controller.go:200.16,204.3 1 0
github.com/keshablive/quester/internal/controllers/badge_controller.go:206.2,208.4 1 0
github.com/keshablive/quester/internal/controllers/badge_controller.go:213.61,216.9 2 0
github.com/keshablive/quester/internal/controllers/badge_controller.go:216.9,220.3 1 0
github.com/keshablive/quester/internal/controllers/badge_controller.go:222.2,223.9 2 0
github.com/keshablive/quester/internal/controllers/badge_controller.go:223.9,227.3 1 0
github.com/keshablive/quester/internal/controllers/badge_controller.go:230.2,231.86 2 0
github.com/keshablive/quester/internal/controllers/badge_controller.go:231.86,235.3 1 0
github.com/keshablive/quester/internal/controllers/badge_controller.go:238.2,240.16 3 0
github.com/keshablive/quester/internal/controllers/badge_controller.go:240.16,244.3 1 0
github.com/keshablive/quester/internal/controllers/badge_controller.go:247.2,249.16 3 0
github.com/keshablive/quester/internal/controllers/badge_controller.go:249.16,253.3 1 0
github.com/keshablive/quester/internal/controllers/badge_controller.go:256.2,256.30 1 0
github.com/keshablive/quester/internal/controllers/badge_controller.go:256.30,260.3 1 0
github.com/keshablive/quester/internal/controllers/badge_controller.go:262.2,262.99 1 0
github.com/keshablive/quester/internal/controllers/badge_controller.go:262.99,266.3 1 0
github.com/keshablive/quester/internal/controllers/badge_controller.go:268.2,272.4 1 0
github.com/keshablive/quester/internal/controllers/badge_controller.go:277.63,280.9 2 0
github.com/keshablive/quester/internal/controllers/badge_controller.go:280.9,284.3 1 0
github.com/keshablive/quester/internal/controllers/badge_controller.go:286.2,287.9 2 0
github.com/keshablive/quester/internal/controllers/badge_controller.go:287.9,291.3 1 0
github.com/keshablive/quester/internal/controllers/badge_controller.go:294.2,295.86 2 0
github.com/keshablive/quester/internal/controllers/badge_controller.go:295.86,299.3 1 0
github.com/keshablive/quester/internal/controllers/badge_controller.go:302.2,304.16 3 0
github.com/keshablive/quester/internal/controllers/badge_controller.go:304.16,308.3 1 0
github.com/keshablive/quester/internal/controllers/badge_controller.go:311.2,311.30 1 0
github.com/keshablive/quester/internal/controllers/badge_controller.go:311.30,315.3 1 0
github.com/keshablive/quester/internal/controllers/badge_controller.go:317.2,317.104 1 0
github.com/keshablive/quester/internal/controllers/badge_controller.go:317.104,321.3 1 0
github.com/keshablive/quester/internal/controllers/badge_controller.go:323.2,326.4 1 0
github.com/keshablive/quester/internal/controllers/badge_controller.go:331.62,334.9 2 0
github.com/keshablive/quester/internal/controllers/badge_controller.go:334.9,338.3 1 0
github.com/keshablive/quester/internal/controllers/badge_controller.go:340.2,341.9 2 0
github.com/keshablive/quester/internal/controllers/badge_controller.go:341.9,345.3 1 0
github.com/keshablive/quester/internal/controllers/badge_controller.go:348.2,349.86 2 0
github.com/keshablive/quester/internal/controllers/badge_controller.go:349.86,353.3 1 0
github.com/keshablive/quester/internal/controllers/badge_controller.go:356.2,358.16 3 0
github.com/keshablive/quester/internal/controllers/badge_controller.go:358.16,362.3 1 0
github.com/keshablive/quester/internal/controllers/badge_controller.go:365.2,368.43 2 0
github.com/keshablive/quester/internal/controllers/badge_controller.go:368.43,372.3 1 0
github.com/keshablive/quester/internal/controllers/badge_controller.go:374.2,374.22 1 0
github.com/keshablive/quester/internal/controllers/badge_controller.go:374.22,378.3 1 0
github.com/keshablive/quester/internal/controllers/badge_controller.go:381.2,381.30 1 0
github.com/keshablive/quester/internal/controllers/badge_controller.go:381.30,385.3 1 0
github.com/keshablive/quester/internal/controllers/badge_controller.go:387.2,387.115 1 0
github.com/keshablive/quester/internal/controllers/badge_controller.go:387.115,391.3 1 0
github.com/keshablive/quester/internal/controllers/badge_controller.go:393.2,397.4 1 0
github.com/keshablive/quester/internal/controllers/badge_controller.go:402.62,405.9 2 0
github.com/keshablive/quester/internal/controllers/badge_controller.go:405.9,409.3 1 0
github.com/keshablive/quester/internal/controllers/badge_controller.go:411.2,412.9 2 0
github.com/keshablive/quester/internal/controllers/badge_controller.go:412.9,416.3 1 0
github.com/keshablive/quester/internal/controllers/badge_controller.go:419.2,420.86 2 0
github.com/keshablive/quester/internal/controllers/badge_controller.go:420.86,424.3 1 0
github.com/keshablive/quester/internal/controllers/badge_controller.go:427.2,429.16 3 0
github.com/keshablive/quester/internal/controllers/badge_controller.go:429.16,433.3 1 0
github.com/keshablive/quester/internal/controllers/badge_controller.go:436.2,439.43 2 0
github.com/keshablive/quester/internal/controllers/badge_controller.go:439.43,443.3 1 0
github.com/keshablive/quester/internal/controllers/badge_controller.go:445.2,445.22 1 0
github.com/keshablive/quester/internal/controllers/badge_controller.go:445.22,449.3 1 0
github.com/keshablive/quester/internal/controllers/badge_controller.go:452.2,452.30 1 0
github.com/keshablive/quester/internal/controllers/badge_controller.go:452.30,456.3 1 0
github.com/keshablive/quester/internal/controllers/badge_controller.go:458.2,458.115 1 0
github.com/keshablive/quester/internal/controllers/badge_controller.go:458.115,462.3 1 0
github.com/keshablive/quester/internal/controllers/badge_controller.go:464.2,468.4 1 0
github.com/keshablive/quester/internal/controllers/certificate_controller.go:16.92,20.2 1 0
github.com/keshablive/quester/internal/controllers/certificate_controller.go:23.73,25.9 2 0
github.com/keshablive/quester/internal/controllers/certificate_controller.go:25.9,27.3 1 0
github.com/keshablive/quester/internal/controllers/certificate_controller.go:29.2,30.43 2 0
github.com/keshablive/quester/internal/controllers/certificate_controller.go:30.43,32.3 1 0
github.com/keshablive/quester/internal/controllers/certificate_controller.go:34.2,36.16 3 0
github.com/keshablive/quester/internal/controllers/certificate_controller.go:36.16,38.3 1 0
github.com/keshablive/quester/internal/controllers/certificate_controller.go:40.2,40.82 1 0
github.com/keshablive/quester/internal/controllers/certificate_controller.go:44.71,46.16 2 0
github.com/keshablive/quester/internal/controllers/certificate_controller.go:46.16,48.3 1 0
github.com/keshablive/quester/internal/controllers/certificate_controller.go:50.2,51.16 2 0
github.com/keshablive/quester/internal/controllers/certificate_controller.go:51.16,53.3 1 0
github.com/keshablive/quester/internal/controllers/certificate_controller.go:55.2,55.54 1 0
github.com/keshablive/quester/internal/controllers/certificate_controller.go:59.76,61.9 2 0
github.com/keshablive/quester/internal/controllers/certificate_controller.go:61.9,63.3 1 0
github.com/keshablive/quester/internal/controllers/certificate_controller.go:65.2,66.16 2 0
github.com/keshablive/quester/internal/controllers/certificate_controller.go:66.16,68.3 1 0
github.com/keshablive/quester/internal/controllers/certificate_controller.go:70.2,70.56 1 0
github.com/keshablive/quester/internal/controllers/certificate_controller.go:74.71,76.16 2 0
github.com/keshablive/quester/internal/controllers/certificate_controller.go:76.16,78.3 1 0
github.com/keshablive/quester/internal/controllers/certificate_controller.go:80.2,81.16 2 0
github.com/keshablive/quester/internal/controllers/certificate_controller.go:81.16,83.3 1 0
github.com/keshablive/quester/internal/controllers/certificate_controller.go:85.2,85.47 1 0
github.com/keshablive/quester/internal/controllers/certificate_controller.go:89.74,91.16 2 0
github.com/keshablive/quester/internal/controllers/certificate_controller.go:91.16,93.3 1 0
github.com/keshablive/quester/internal/controllers/certificate_controller.go:95.2,96.16 2 0
github.com/keshablive/quester/internal/controllers/certificate_controller.go:96.16,98.3 1 0
github.com/keshablive/quester/internal/controllers/certificate_controller.go:100.2,100.67 1 0
github.com/keshablive/quester/internal/controllers/certificate_controller.go:104.77,106.9 2 0
github.com/keshablive/quester/internal/controllers/certificate_controller.go:106.9,108.3 1 0
github.com/keshablive/quester/internal/controllers/certificate_controller.go:110.2,111.16 2 0
github.com/keshablive/quester/internal/controllers/certificate_controller.go:111.16,113.3 1 0
github.com/keshablive/quester/internal/controllers/certificate_controller.go:115.2,116.16 2 0
github.com/keshablive/quester/internal/controllers/certificate_controller.go:116.16,118.3 1 0
github.com/keshablive/quester/internal/controllers/certificate_controller.go:120.2,120.54 1 0
github.com/keshablive/quester/internal/controllers/certificate_controller.go:124.70,126.16 2 0
github.com/keshablive/quester/internal/controllers/certificate_controller.go:126.16,128.3 1 0
github.com/keshablive/quester/internal/controllers/certificate_controller.go:130.2,130.66 1 0
github.com/keshablive/quester/internal/controllers/certificate_controller.go:130.66,132.3 1 0
github.com/keshablive/quester/internal/controllers/certificate_controller.go:134.2,134.56 1 0
github.com/keshablive/quester/internal/controllers/certificate_controller.go:138.76,140.16 2 0
github.com/keshablive/quester/internal/controllers/certificate_controller.go:140.16,142.3 1 0
github.com/keshablive/quester/internal/controllers/certificate_controller.go:144.2,145.16 2 0
github.com/keshablive/quester/internal/controllers/certificate_controller.go:145.16,147.3 1 0
github.com/keshablive/quester/internal/controllers/certificate_controller.go:149.2,149.47 1 0
github.com/keshablive/quester/internal/controllers/classified_ad_controller.go:22.107,26.2 1 0
github.com/keshablive/quester/internal/controllers/classified_ad_controller.go:30.65,35.16 4 0
github.com/keshablive/quester/internal/controllers/classified_ad_controller.go:35.16,37.3 1 0
github.com/keshablive/quester/internal/controllers/classified_ad_controller.go:39.2,40.16 2 0
github.com/keshablive/quester/internal/controllers/classified_ad_controller.go:40.16,42.3 1 0
github.com/keshablive/quester/internal/controllers/classified_ad_controller.go:44.2,61.43 2 0
github.com/keshablive/quester/internal/controllers/classified_ad_controller.go:61.43,63.3 1 0
github.com/keshablive/quester/internal/controllers/classified_ad_controller.go:65.2,65.50 1 0
github.com/keshablive/quester/internal/controllers/classified_ad_controller.go:65.50,67.3 1 0
github.com/keshablive/quester/internal/controllers/classified_ad_controller.go:70.2,95.66 6 0
github.com/keshablive/quester/internal/controllers/classified_ad_controller.go:95.66,97.3 1 0
github.com/keshablive/quester/internal/controllers/classified_ad_controller.go:99.2,99.33 1 0
github.com/keshablive/quester/internal/controllers/classified_ad_controller.go:104.62,108.16 4 0
github.com/keshablive/quester/internal/controllers/classified_ad_controller.go:108.16,110.3 1 0
github.com/keshablive/quester/internal/controllers/classified_ad_controller.go:112.2,113.16 2 0
github.com/keshablive/quester/internal/controllers/classified_ad_controller.go:113.16,115.3 1 0
github.com/keshablive/quester/internal/controllers/classified_ad_controller.go:117.2,118.16 2 0
github.com/keshablive/quester/internal/controllers/classified_ad_controller.go:118.16,120.3 1 0
github.com/keshablive/quester/internal/controllers/classified_ad_controller.go:122.2,123.16 2 0
github.com/keshablive/quester/internal/controllers/classified_ad_controller.go:123.16,125.3 1 0
github.com/keshablive/quester/internal/controllers/classified_ad_controller.go:127.2,127.33 1 0
github.com/keshablive/quester/internal/controllers/classified_ad_controller.go:132.65,136.16 4 0
github.com/keshablive/quester/internal/controllers/classified_ad_controller.go:136.16,138.3 1 0
github.com/keshablive/quester/internal/controllers/classified_ad_controller.go:140.2,141.16 2 0
github.com/keshablive/quester/internal/controllers/classified_ad_controller.go:141.16,143.3 1 0
github.com/keshablive/quester/internal/controllers/classified_ad_controller.go:145.2,146.16 2 0
github.com/keshablive/quester/internal/controllers/classified_ad_controller.go:146.16,148.3 1 0
github.com/keshablive/quester/internal/controllers/classified_ad_controller.go:151.2,152.16 2 0
github.com/keshablive/quester/internal/controllers/classified_ad_controller.go:152.16,154.3 1 0
github.com/keshablive/quester/internal/controllers/classified_ad_controller.go:156.2,156.27 1 0
github.com/keshablive/quester/internal/controllers/classified_ad_controller.go:156.27,158.3 1 0
github.com/keshablive/quester/internal/controllers/classified_ad_controller.go:160.2,161.43 2 0
github.com/keshablive/quester/internal/controllers/classified_ad_controller.go:161.43,163.3 1 0
github.com/keshablive/quester/internal/controllers/classified_ad_controller.go:166.2,166.44 1 0
github.com/keshablive/quester/internal/controllers/classified_ad_controller.go:166.44,168.3 1 0
github.com/keshablive/quester/internal/controllers/classified_ad_controller.go:169.2,169.56 1 0
github.com/keshablive/quester/internal/controllers/classified_ad_controller.go:169.56,171.3 1 0
github.com/keshablive/quester/internal/controllers/classified_ad_controller.go:172.2,172.59 1 0
github.com/keshablive/quester/internal/controllers/classified_ad_controller.go:172.59,174.3 1 0
github.com/keshablive/quester/internal/controllers/classified_ad_controller.go:175.2,175.57 1 0
github.com/keshablive/quester/internal/controllers/classified_ad_controller.go:175.57,177.3 1 0
github.com/keshablive/quester/internal/controllers/classified_ad_controller.go:180.2,186.83 6 0
github.com/keshablive/quester/internal/controllers/classified_ad_controller.go:186.83,188.3 1 0
github.com/keshablive/quester/internal/controllers/classified_ad_controller.go:190.2,190.34 1 0
github.com/keshablive/quester/internal/controllers/classified_ad_controller.go:195.65,199.16 4 0
github.com/keshablive/quester/internal/controllers/classified_ad_controller.go:199.16,201.3 1 0
github.com/keshablive/quester/internal/controllers/classified_ad_controller.go:203.2,204.16 2 0
github.com/keshablive/quester/internal/controllers/classified_ad_controller.go:204.16,206.3 1 0
github.com/keshablive/quester/internal/controllers/classified_ad_controller.go:208.2,209.16 2 0
github.com/keshablive/quester/internal/controllers/classified_ad_controller.go:209.16,211.3 1 0
github.com/keshablive/quester/internal/controllers/classified_ad_controller.go:214.2,215.16 2 0
github.com/keshablive/quester/internal/controllers/classified_ad_controller.go:215.16,217.3 1 0
github.com/keshablive/quester/internal/controllers/classified_ad_controller.go:219.2,219.27 1 0
github.com/keshablive/quester/internal/controllers/classified_ad_controller.go:219.27,221.3 1 0
github.com/keshablive/quester/internal/controllers/classified_ad_controller.go:223.2,223.78 1 0
github.com/keshablive/quester/internal/controllers/classified_ad_controller.go:223.78,225.3 1 0
github.com/keshablive/quester/internal/controllers/classified_ad_controller.go:227.2,227.34 1 0
github.com/keshablive/quester/internal/controllers/classified_ad_controller.go:232.66,236.16 4 0
github.com/keshablive/quester/internal/controllers/classified_ad_controller.go:236.16,238.3 1 0
github.com/keshablive/quester/internal/controllers/classified_ad_controller.go:240.2,241.16 2 0
github.com/keshablive/quester/internal/controllers/classified_ad_controller.go:241.16,243.3 1 0
github.com/keshablive/quester/internal/controllers/classified_ad_controller.go:246.2,264.54 7 0
github.com/keshablive/quester/internal/controllers/classified_ad_controller.go:264.54,265.65 1 0
github.com/keshablive/quester/internal/controllers/classified_ad_controller.go:265.65,267.4 1 0
github.com/keshablive/quester/internal/controllers/classified_ad_controller.go:269.2,269.54 1 0
github.com/keshablive/quester/internal/controllers/classified_ad_controller.go:269.54,270.65 1 0
github.com/keshablive/quester/internal/controllers/classified_ad_controller.go:270.65,272.4 1 0
github.com/keshablive/quester/internal/controllers/classified_ad_controller.go:276.2,276.53 1 0
github.com/keshablive/quester/internal/controllers/classified_ad_controller.go:276.54,278.3 0 0
github.com/keshablive/quester/internal/controllers/classified_ad_controller.go:279.2,279.41 1 0
github.com/keshablive/quester/internal/controllers/classified_ad_controller.go:279.42,281.3 0 0
github.com/keshablive/quester/internal/controllers/classified_ad_controller.go:283.2,284.16 2 0
github.com/keshablive/quester/internal/controllers/classified_ad_controller.go:284.16,286.3 1 0
github.com/keshablive/quester/internal/controllers/classified_ad_controller.go:288.2,293.4 1 0
github.com/keshablive/quester/internal/controllers/classified_ad_controller.go:298.66,302.16 4 0
github.com/keshablive/quester/internal/controllers/classified_ad_controller.go:302.16,304.3 1 0
github.com/keshablive/quester/internal/controllers/classified_ad_controller.go:306.2,307.16 2 0
github.com/keshablive/quester/internal/controllers/classified_ad_controller.go:307.16,309.3 1 0
github.com/keshablive/quester/internal/controllers/classified_ad_controller.go:311.2,312.16 2 0
github.com/keshablive/quester/internal/controllers/classified_ad_controller.go:312.16,314.3 1 0
github.com/keshablive/quester/internal/controllers/classified_ad_controller.go:317.2,318.16 2 0
github.com/keshablive/quester/internal/controllers/classified_ad_controller.go:318.16,320.3 1 0
github.com/keshablive/quester/internal/controllers/classified_ad_controller.go:322.2,322.27 1 0
github.com/keshablive/quester/internal/controllers/classified_ad_controller.go:322.27,324.3 1 0
github.com/keshablive/quester/internal/controllers/classified_ad_controller.go:327.2,327.69 1 0
github.com/keshablive/quester/internal/controllers/classified_ad_controller.go:327.69,329.3 1 0
github.com/keshablive/quester/internal/controllers/classified_ad_controller.go:332.2,334.33 2 0
github.com/keshablive/quester/internal/controllers/classified_ad_controller.go:339.64,343.16 4 0
github.com/keshablive/quester/internal/controllers/classified_ad_controller.go:343.16,345.3 1 0
github.com/keshablive/quester/internal/controllers/classified_ad_controller.go:347.2,348.16 2 0
github.com/keshablive/quester/internal/controllers/classified_ad_controller.go:348.16,350.3 1 0
github.com/keshablive/quester/internal/controllers/classified_ad_controller.go:352.2,353.16 2 0
github.com/keshablive/quester/internal/controllers/classified_ad_controller.go:353.16,355.3 1 0
github.com/keshablive/quester/internal/controllers/classified_ad_controller.go:358.2,359.16 2 0
github.com/keshablive/quester/internal/controllers/classified_ad_controller.go:359.16,361.3 1 0
github.com/keshablive/quester/internal/controllers/classified_ad_controller.go:363.2,363.27 1 0
github.com/keshablive/quester/internal/controllers/classified_ad_controller.go:363.27,365.3 1 0
github.com/keshablive/quester/internal/controllers/classified_ad_controller.go:368.2,368.77 1 0
github.com/keshablive/quester/internal/controllers/classified_ad_controller.go:368.77,370.3 1 0
github.com/keshablive/quester/internal/controllers/classified_ad_controller.go:373.2,375.33 2 0
github.com/keshablive/quester/internal/controllers/classified_ad_controller.go:380.67,384.16 4 0
github.com/keshablive/quester/internal/controllers/classified_ad_controller.go:384.16,386.3 1 0
github.com/keshablive/quester/internal/controllers/classified_ad_controller.go:388.2,389.16 2 0
github.com/keshablive/quester/internal/controllers/classified_ad_controller.go:389.16,391.3 1 0
github.com/keshablive/quester/internal/controllers/classified_ad_controller.go:393.2,394.16 2 0
github.com/keshablive/quester/internal/controllers/classified_ad_controller.go:394.16,396.3 1 0
github.com/keshablive/quester/internal/controllers/classified_ad_controller.go:399.2,400.16 2 0
github.com/keshablive/quester/internal/controllers/classified_ad_controller.go:400.16,402.3 1 0
github.com/keshablive/quester/internal/controllers/classified_ad_controller.go:404.2,404.27 1 0
github.com/keshablive/quester/internal/controllers/classified_ad_controller.go:404.27,406.3 1 0
github.com/keshablive/quester/internal/controllers/classified_ad_controller.go:409.2,409.80 1 0
github.com/keshablive/quester/internal/controllers/classified_ad_controller.go:409.80,411.3 1 0
github.com/keshablive/quester/internal/controllers/classified_ad_controller.go:414.2,416.33 2 0
github.com/keshablive/quester/internal/controllers/classified_ad_controller.go:421.79,425.16 3 0
github.com/keshablive/quester/internal/controllers/classified_ad_controller.go:425.16,427.3 1 0
github.com/keshablive/quester/internal/controllers/classified_ad_controller.go:429.2,429.82 1 0
github.com/keshablive/quester/internal/controllers/classified_ad_controller.go:429.82,431.3 1 0
github.com/keshablive/quester/internal/controllers/classified_ad_controller.go:433.2,433.34 1 0
github.com/keshablive/quester/internal/controllers/classified_ad_controller.go:438.65,442.16 4 0
github.com/keshablive/quester/internal/controllers/classified_ad_controller.go:442.16,444.3 1 0
github.com/keshablive/quester/internal/controllers/classified_ad_controller.go:446.2,447.16 2 0
github.com/keshablive/quester/internal/controllers/classified_ad_controller.go:447.16,449.3 1 0
github.com/keshablive/quester/internal/controllers/classified_ad_controller.go:451.2,452.16 2 0
github.com/keshablive/quester/internal/controllers/classified_ad_controller.go:452.16,454.3 1 0
github.com/keshablive/quester/internal/controllers/classified_ad_controller.go:456.2,456.34 1 0
github.com/keshablive/quester/internal/controllers/classified_ad_controller.go:461.69,465.16 4 0
github.com/keshablive/quester/internal/controllers/classified_ad_controller.go:465.16,467.3 1 0
github.com/keshablive/quester/internal/controllers/classified_ad_controller.go:469.2,470.16 2 0
github.com/keshablive/quester/internal/controllers/classified_ad_controller.go:470.16,472.3 1 0
github.com/keshablive/quester/internal/controllers/classified_ad_controller.go:474.2,477.16 3 0
github.com/keshablive/quester/internal/controllers/classified_ad_controller.go:477.16,479.3 1 0
github.com/keshablive/quester/internal/controllers/classified_ad_controller.go:481.2,481.34 1 0
github.com/keshablive/quester/internal/controllers/classified_ad_controller.go:486.70,490.16 4 0
github.com/keshablive/quester/internal/controllers/classified_ad_controller.go:490.16,492.3 1 0
github.com/keshablive/quester/internal/controllers/classified_ad_controller.go:494.2,495.16 2 0
github.com/keshablive/quester/internal/controllers/classified_ad_controller.go:495.16,497.3 1 0
github.com/keshablive/quester/internal/controllers/classified_ad_controller.go:499.2,502.16 3 0
github.com/keshablive/quester/internal/controllers/classified_ad_controller.go:502.16,504.3 1 0
github.com/keshablive/quester/internal/controllers/classified_ad_controller.go:506.2,506.34 1 0
github.com/keshablive/quester/internal/controllers/classified_ad_controller.go:511.67,515.16 4 0
github.com/keshablive/quester/internal/controllers/classified_ad_controller.go:515.16,517.3 1 0
github.com/keshablive/quester/internal/controllers/classified_ad_controller.go:519.2,520.16 2 0
github.com/keshablive/quester/internal/controllers/classified_ad_controller.go:520.16,522.3 1 0
github.com/keshablive/quester/internal/controllers/classified_ad_controller.go:524.2,525.16 2 0
github.com/keshablive/quester/internal/controllers/classified_ad_controller.go:525.16,527.3 1 0
github.com/keshablive/quester/internal/controllers/classified_ad_controller.go:529.2,529.36 1 0
github.com/keshablive/quester/internal/controllers/course_controller.go:20.57,24.2 1 0
github.com/keshablive/quester/internal/controllers/course_controller.go:27.62,46.2 12 0
github.com/keshablive/quester/internal/controllers/course_controller.go:49.64,52.9 2 0
github.com/keshablive/quester/internal/controllers/course_controller.go:52.9,56.3 1 0
github.com/keshablive/quester/internal/controllers/course_controller.go:58.2,59.9 2 0
github.com/keshablive/quester/internal/controllers/course_controller.go:59.9,63.3 1 0
github.com/keshablive/quester/internal/controllers/course_controller.go:66.2,67.43 2 0
github.com/keshablive/quester/internal/controllers/course_controller.go:67.43,71.3 1 0
github.com/keshablive/quester/internal/controllers/course_controller.go:74.2,78.21 3 0
github.com/keshablive/quester/internal/controllers/course_controller.go:78.21,82.3 1 0
github.com/keshablive/quester/internal/controllers/course_controller.go:83.2,83.26 1 0
github.com/keshablive/quester/internal/controllers/course_controller.go:83.26,87.3 1 0
github.com/keshablive/quester/internal/controllers/course_controller.go:90.2,91.16 2 0
github.com/keshablive/quester/internal/controllers/course_controller.go:91.16,92.90 1 0
github.com/keshablive/quester/internal/controllers/course_controller.go:92.90,96.4 1 0
github.com/keshablive/quester/internal/controllers/course_controller.go:97.3,99.5 1 0
github.com/keshablive/quester/internal/controllers/course_controller.go:102.2,105.4 1 0
github.com/keshablive/quester/internal/controllers/course_controller.go:109.62,125.25 6 0
github.com/keshablive/quester/internal/controllers/course_controller.go:125.25,128.3 2 0
github.com/keshablive/quester/internal/controllers/course_controller.go:128.8,128.33 1 0
github.com/keshablive/quester/internal/controllers/course_controller.go:128.33,131.3 2 0
github.com/keshablive/quester/internal/controllers/course_controller.go:137.2,138.16 2 0
github.com/keshablive/quester/internal/controllers/course_controller.go:138.16,142.3 1 0
github.com/keshablive/quester/internal/controllers/course_controller.go:144.2,149.4 1 0
github.com/keshablive/quester/internal/controllers/course_controller.go:153.61,156.16 2 0
github.com/keshablive/quester/internal/controllers/course_controller.go:156.16,160.3 1 0
github.com/keshablive/quester/internal/controllers/course_controller.go:163.2,164.16 2 0
github.com/keshablive/quester/internal/controllers/course_controller.go:164.16,165.38 1 0
github.com/keshablive/quester/internal/controllers/course_controller.go:165.38,169.4 1 0
github.com/keshablive/quester/internal/controllers/course_controller.go:170.3,172.5 1 0
github.com/keshablive/quester/internal/controllers/course_controller.go:175.2,177.4 1 0
github.com/keshablive/quester/internal/controllers/course_controller.go:181.64,184.16 2 0
github.com/keshablive/quester/internal/controllers/course_controller.go:184.16,188.3 1 0
github.com/keshablive/quester/internal/controllers/course_controller.go:191.2,192.9 2 0
github.com/keshablive/quester/internal/controllers/course_controller.go:192.9,196.3 1 0
github.com/keshablive/quester/internal/controllers/course_controller.go:199.2,200.16 2 0
github.com/keshablive/quester/internal/controllers/course_controller.go:200.16,204.3 1 0
github.com/keshablive/quester/internal/controllers/course_controller.go:205.2,205.14 1 0
github.com/keshablive/quester/internal/controllers/course_controller.go:205.14,209.3 1 0
github.com/keshablive/quester/internal/controllers/course_controller.go:212.2,213.43 2 0
github.com/keshablive/quester/internal/controllers/course_controller.go:213.43,217.3 1 0
github.com/keshablive/quester/internal/controllers/course_controller.go:220.2,221.16 2 0
github.com/keshablive/quester/internal/controllers/course_controller.go:221.16,222.38 1 0
github.com/keshablive/quester/internal/controllers/course_controller.go:222.38,226.4 1 0
github.com/keshablive/quester/internal/controllers/course_controller.go:227.3,227.74 1 0
github.com/keshablive/quester/internal/controllers/course_controller.go:227.74,231.4 1 0
github.com/keshablive/quester/internal/controllers/course_controller.go:232.3,234.5 1 0
github.com/keshablive/quester/internal/controllers/course_controller.go:237.2,240.4 1 0
github.com/keshablive/quester/internal/controllers/course_controller.go:244.64,247.16 2 0
github.com/keshablive/quester/internal/controllers/course_controller.go:247.16,251.3 1 0
github.com/keshablive/quester/internal/controllers/course_controller.go:254.2,255.9 2 0
github.com/keshablive/quester/internal/controllers/course_controller.go:255.9,259.3 1 0
github.com/keshablive/quester/internal/controllers/course_controller.go:262.2,263.16 2 0
github.com/keshablive/quester/internal/controllers/course_controller.go:263.16,267.3 1 0
github.com/keshablive/quester/internal/controllers/course_controller.go:268.2,268.14 1 0
github.com/keshablive/quester/internal/controllers/course_controller.go:268.14,272.3 1 0
github.com/keshablive/quester/internal/controllers/course_controller.go:275.2,275.60 1 0
github.com/keshablive/quester/internal/controllers/course_controller.go:275.60,276.38 1 0
github.com/keshablive/quester/internal/controllers/course_controller.go:276.38,280.4 1 0
github.com/keshablive/quester/internal/controllers/course_controller.go:281.3,283.5 1 0
github.com/keshablive/quester/internal/controllers/course_controller.go:286.2,288.4 1 0
github.com/keshablive/quester/internal/controllers/course_controller.go:292.65,295.16 2 0
github.com/keshablive/quester/internal/controllers/course_controller.go:295.16,299.3 1 0
github.com/keshablive/quester/internal/controllers/course_controller.go:302.2,303.9 2 0
github.com/keshablive/quester/internal/controllers/course_controller.go:303.9,307.3 1 0
github.com/keshablive/quester/internal/controllers/course_controller.go:310.2,311.16 2 0
github.com/keshablive/quester/internal/controllers/course_controller.go:311.16,315.3 1 0
github.com/keshablive/quester/internal/controllers/course_controller.go:316.2,316.14 1 0
github.com/keshablive/quester/internal/controllers/course_controller.go:316.14,320.3 1 0
github.com/keshablive/quester/internal/controllers/course_controller.go:323.2,324.16 2 0
github.com/keshablive/quester/internal/controllers/course_controller.go:324.16,325.38 1 0
github.com/keshablive/quester/internal/controllers/course_controller.go:325.38,329.4 1 0
github.com/keshablive/quester/internal/controllers/course_controller.go:330.3,330.76 1 0
github.com/keshablive/quester/internal/controllers/course_controller.go:330.76,334.4 1 0
github.com/keshablive/quester/internal/controllers/course_controller.go:335.3,337.5 1 0
github.com/keshablive/quester/internal/controllers/course_controller.go:340.2,343.4 1 0
github.com/keshablive/quester/internal/controllers/course_controller.go:347.67,350.16 2 0
github.com/keshablive/quester/internal/controllers/course_controller.go:350.16,354.3 1 0
github.com/keshablive/quester/internal/controllers/course_controller.go:357.2,358.9 2 0
github.com/keshablive/quester/internal/controllers/course_controller.go:358.9,362.3 1 0
github.com/keshablive/quester/internal/controllers/course_controller.go:365.2,366.16 2 0
github.com/keshablive/quester/internal/controllers/course_controller.go:366.16,370.3 1 0
github.com/keshablive/quester/internal/controllers/course_controller.go:371.2,371.14 1 0
github.com/keshablive/quester/internal/controllers/course_controller.go:371.14,375.3 1 0
github.com/keshablive/quester/internal/controllers/course_controller.go:378.2,379.16 2 0
github.com/keshablive/quester/internal/controllers/course_controller.go:379.16,380.38 1 0
github.com/keshablive/quester/internal/controllers/course_controller.go:380.38,384.4 1 0
github.com/keshablive/quester/internal/controllers/course_controller.go:385.3,387.5 1 0
github.com/keshablive/quester/internal/controllers/course_controller.go:390.2,393.4 1 0
github.com/keshablive/quester/internal/controllers/course_controller.go:397.76,400.16 2 0
github.com/keshablive/quester/internal/controllers/course_controller.go:400.16,404.3 1 0
github.com/keshablive/quester/internal/controllers/course_controller.go:407.2,408.9 2 0
github.com/keshablive/quester/internal/controllers/course_controller.go:408.9,412.3 1 0
github.com/keshablive/quester/internal/controllers/course_controller.go:415.2,416.16 2 0
github.com/keshablive/quester/internal/controllers/course_controller.go:416.16,420.3 1 0
github.com/keshablive/quester/internal/controllers/course_controller.go:421.2,421.14 1 0
github.com/keshablive/quester/internal/controllers/course_controller.go:421.14,425.3 1 0
github.com/keshablive/quester/internal/controllers/course_controller.go:428.2,429.16 2 0
github.com/keshablive/quester/internal/controllers/course_controller.go:429.16,430.38 1 0
github.com/keshablive/quester/internal/controllers/course_controller.go:430.38,434.4 1 0
github.com/keshablive/quester/internal/controllers/course_controller.go:435.3,437.5 1 0
github.com/keshablive/quester/internal/controllers/course_controller.go:440.2,442.4 1 0
github.com/keshablive/quester/internal/controllers/course_controller.go:446.72,450.16 3 0
github.com/keshablive/quester/internal/controllers/course_controller.go:450.16,454.3 1 0
github.com/keshablive/quester/internal/controllers/course_controller.go:457.2,458.16 2 0
github.com/keshablive/quester/internal/controllers/course_controller.go:458.16,462.3 1 0
github.com/keshablive/quester/internal/controllers/course_controller.go:464.2,466.4 1 0
github.com/keshablive/quester/internal/controllers/dashboard_controller.go:19.86,21.2 1 0
github.com/keshablive/quester/internal/controllers/dashboard_controller.go:25.69,29.16 3 0
github.com/keshablive/quester/internal/controllers/dashboard_controller.go:29.16,31.3 1 0
github.com/keshablive/quester/internal/controllers/dashboard_controller.go:33.2,34.16 2 0
github.com/keshablive/quester/internal/controllers/dashboard_controller.go:34.16,36.3 1 0
github.com/keshablive/quester/internal/controllers/dashboard_controller.go:38.2,39.51 2 0
github.com/keshablive/quester/internal/controllers/dashboard_controller.go:39.51,41.3 1 0
github.com/keshablive/quester/internal/controllers/dashboard_controller.go:43.2,46.26 3 0
github.com/keshablive/quester/internal/controllers/dashboard_controller.go:46.26,48.3 1 0
github.com/keshablive/quester/internal/controllers/dashboard_controller.go:50.2,50.62 1 0
github.com/keshablive/quester/internal/controllers/dashboard_controller.go:50.62,52.3 1 0
github.com/keshablive/quester/internal/controllers/dashboard_controller.go:54.2,54.42 1 0
github.com/keshablive/quester/internal/controllers/dashboard_controller.go:59.66,61.16 2 0
github.com/keshablive/quester/internal/controllers/dashboard_controller.go:61.16,63.3 1 0
github.com/keshablive/quester/internal/controllers/dashboard_controller.go:65.2,66.16 2 0
github.com/keshablive/quester/internal/controllers/dashboard_controller.go:66.16,68.3 1 0
github.com/keshablive/quester/internal/controllers/dashboard_controller.go:70.2,70.42 1 0
github.com/keshablive/quester/internal/controllers/dashboard_controller.go:75.71,79.16 3 0
github.com/keshablive/quester/internal/controllers/dashboard_controller.go:79.16,81.3 1 0
github.com/keshablive/quester/internal/controllers/dashboard_controller.go:83.2,84.16 2 0
github.com/keshablive/quester/internal/controllers/dashboard_controller.go:84.16,86.3 1 0
github.com/keshablive/quester/internal/controllers/dashboard_controller.go:88.2,89.16 2 0
github.com/keshablive/quester/internal/controllers/dashboard_controller.go:89.16,91.3 1 0
github.com/keshablive/quester/internal/controllers/dashboard_controller.go:93.2,96.4 1 0
github.com/keshablive/quester/internal/controllers/dashboard_controller.go:101.73,105.16 3 0
github.com/keshablive/quester/internal/controllers/dashboard_controller.go:105.16,107.3 1 0
github.com/keshablive/quester/internal/controllers/dashboard_controller.go:109.2,110.16 2 0
github.com/keshablive/quester/internal/controllers/dashboard_controller.go:110.16,112.3 1 0
github.com/keshablive/quester/internal/controllers/dashboard_controller.go:114.2,115.16 2 0
github.com/keshablive/quester/internal/controllers/dashboard_controller.go:115.16,117.3 1 0
github.com/keshablive/quester/internal/controllers/dashboard_controller.go:119.2,119.42 1 0
github.com/keshablive/quester/internal/controllers/dashboard_controller.go:124.69,126.16 2 0
github.com/keshablive/quester/internal/controllers/dashboard_controller.go:126.16,128.3 1 0
github.com/keshablive/quester/internal/controllers/dashboard_controller.go:130.2,131.51 2 0
github.com/keshablive/quester/internal/controllers/dashboard_controller.go:131.51,133.3 1 0
github.com/keshablive/quester/internal/controllers/dashboard_controller.go:135.2,137.62 2 0
github.com/keshablive/quester/internal/controllers/dashboard_controller.go:137.62,139.3 1 0
github.com/keshablive/quester/internal/controllers/dashboard_controller.go:141.2,141.42 1 0
github.com/keshablive/quester/internal/controllers/dashboard_controller.go:146.73,150.16 3 0
github.com/keshablive/quester/internal/controllers/dashboard_controller.go:150.16,152.3 1 0
github.com/keshablive/quester/internal/controllers/dashboard_controller.go:154.2,155.16 2 0
github.com/keshablive/quester/internal/controllers/dashboard_controller.go:155.16,157.3 1 0
github.com/keshablive/quester/internal/controllers/dashboard_controller.go:159.2,160.16 2 0
github.com/keshablive/quester/internal/controllers/dashboard_controller.go:160.16,162.3 1 0
github.com/keshablive/quester/internal/controllers/dashboard_controller.go:164.2,164.85 1 0
github.com/keshablive/quester/internal/controllers/dashboard_controller.go:164.85,166.3 1 0
github.com/keshablive/quester/internal/controllers/dashboard_controller.go:168.2,170.4 1 0
github.com/keshablive/quester/internal/controllers/dashboard_controller.go:175.68,179.16 3 0
github.com/keshablive/quester/internal/controllers/dashboard_controller.go:179.16,181.3 1 0
github.com/keshablive/quester/internal/controllers/dashboard_controller.go:183.2,184.16 2 0
github.com/keshablive/quester/internal/controllers/dashboard_controller.go:184.16,186.3 1 0
github.com/keshablive/quester/internal/controllers/dashboard_controller.go:188.2,192.45 2 0
github.com/keshablive/quester/internal/controllers/dashboard_controller.go:192.45,194.3 1 0
github.com/keshablive/quester/internal/controllers/dashboard_controller.go:196.2,196.20 1 0
github.com/keshablive/quester/internal/controllers/dashboard_controller.go:196.20,198.3 1 0
github.com/keshablive/quester/internal/controllers/dashboard_controller.go:200.2,201.16 2 0
github.com/keshablive/quester/internal/controllers/dashboard_controller.go:201.16,203.3 1 0
github.com/keshablive/quester/internal/controllers/dashboard_controller.go:205.2,205.45 1 0
github.com/keshablive/quester/internal/controllers/dashboard_controller.go:210.70,214.16 3 0
github.com/keshablive/quester/internal/controllers/dashboard_controller.go:214.16,216.3 1 0
github.com/keshablive/quester/internal/controllers/dashboard_controller.go:218.2,219.16 2 0
github.com/keshablive/quester/internal/controllers/dashboard_controller.go:219.16,221.3 1 0
github.com/keshablive/quester/internal/controllers/dashboard_controller.go:223.2,224.17 2 0
github.com/keshablive/quester/internal/controllers/dashboard_controller.go:224.17,226.3 1 0
github.com/keshablive/quester/internal/controllers/dashboard_controller.go:228.2,229.16 2 0
github.com/keshablive/quester/internal/controllers/dashboard_controller.go:229.16,231.3 1 0
github.com/keshablive/quester/internal/controllers/dashboard_controller.go:233.2,237.4 1 0
github.com/keshablive/quester/internal/controllers/dashboard_controller.go:242.69,246.16 3 0
github.com/keshablive/quester/internal/controllers/dashboard_controller.go:246.16,248.3 1 0
github.com/keshablive/quester/internal/controllers/dashboard_controller.go:250.2,251.16 2 0
github.com/keshablive/quester/internal/controllers/dashboard_controller.go:251.16,253.3 1 0
github.com/keshablive/quester/internal/controllers/dashboard_controller.go:255.2,255.71 1 0
github.com/keshablive/quester/internal/controllers/dashboard_controller.go:255.71,257.3 1 0
github.com/keshablive/quester/internal/controllers/dashboard_controller.go:259.2,261.4 1 0
github.com/keshablive/quester/internal/controllers/dashboard_controller.go:266.70,268.16 2 0
github.com/keshablive/quester/internal/controllers/dashboard_controller.go:268.16,270.3 1 0
github.com/keshablive/quester/internal/controllers/dashboard_controller.go:273.2,274.16 2 0
github.com/keshablive/quester/internal/controllers/dashboard_controller.go:274.16,276.3 1 0
github.com/keshablive/quester/internal/controllers/dashboard_controller.go:279.2,279.72 1 0
github.com/keshablive/quester/internal/controllers/dashboard_controller.go:279.72,281.3 1 0
github.com/keshablive/quester/internal/controllers/dashboard_controller.go:283.2,285.4 1 0
github.com/keshablive/quester/internal/controllers/enrollment_controller.go:21.65,26.2 1 0
github.com/keshablive/quester/internal/controllers/enrollment_controller.go:29.66,38.2 5 0
github.com/keshablive/quester/internal/controllers/enrollment_controller.go:41.70,44.16 2 0
github.com/keshablive/quester/internal/controllers/enrollment_controller.go:44.16,48.3 1 0
github.com/keshablive/quester/internal/controllers/enrollment_controller.go:51.2,52.9 2 0
github.com/keshablive/quester/internal/controllers/enrollment_controller.go:52.9,56.3 1 0
github.com/keshablive/quester/internal/controllers/enrollment_controller.go:59.2,62.44 2 0
github.com/keshablive/quester/internal/controllers/enrollment_controller.go:62.45,64.3 0 0
github.com/keshablive/quester/internal/controllers/enrollment_controller.go:67.2,75.16 3 0
github.com/keshablive/quester/internal/controllers/enrollment_controller.go:75.16,76.39 1 0
github.com/keshablive/quester/internal/controllers/enrollment_controller.go:76.39,80.4 1 0
github.com/keshablive/quester/internal/controllers/enrollment_controller.go:81.3,81.38 1 0
github.com/keshablive/quester/internal/controllers/enrollment_controller.go:81.38,85.4 1 0
github.com/keshablive/quester/internal/controllers/enrollment_controller.go:86.3,86.42 1 0
github.com/keshablive/quester/internal/controllers/enrollment_controller.go:86.42,90.4 1 0
github.com/keshablive/quester/internal/controllers/enrollment_controller.go:91.3,91.62 1 0
github.com/keshablive/quester/internal/controllers/enrollment_controller.go:91.62,95.4 1 0
github.com/keshablive/quester/internal/controllers/enrollment_controller.go:96.3,97.74 1 0
github.com/keshablive/quester/internal/controllers/enrollment_controller.go:97.74,101.4 1 0
github.com/keshablive/quester/internal/controllers/enrollment_controller.go:102.3,104.5 1 0
github.com/keshablive/quester/internal/controllers/enrollment_controller.go:107.2,110.4 1 0
github.com/keshablive/quester/internal/controllers/enrollment_controller.go:114.73,117.16 2 0
github.com/keshablive/quester/internal/controllers/enrollment_controller.go:117.16,121.3 1 0
github.com/keshablive/quester/internal/controllers/enrollment_controller.go:124.2,125.9 2 0
github.com/keshablive/quester/internal/controllers/enrollment_controller.go:125.9,129.3 1 0
github.com/keshablive/quester/internal/controllers/enrollment_controller.go:132.2,138.16 3 0
github.com/keshablive/quester/internal/controllers/enrollment_controller.go:138.16,139.42 1 0
github.com/keshablive/quester/internal/controllers/enrollment_controller.go:139.42,143.4 1 0
github.com/keshablive/quester/internal/controllers/enrollment_controller.go:144.3,146.5 1 0
github.com/keshablive/quester/internal/controllers/enrollment_controller.go:149.2,151.4 1 0
github.com/keshablive/quester/internal/controllers/enrollment_controller.go:155.74,158.9 2 0
github.com/keshablive/quester/internal/controllers/enrollment_controller.go:158.9,162.3 1 0
github.com/keshablive/quester/internal/controllers/enrollment_controller.go:165.2,179.16 6 0
github.com/keshablive/quester/internal/controllers/enrollment_controller.go:179.16,183.3 1 0
github.com/keshablive/quester/internal/controllers/enrollment_controller.go:185.2,190.4 1 0
github.com/keshablive/quester/internal/controllers/enrollment_controller.go:194.76,197.16 2 0
github.com/keshablive/quester/internal/controllers/enrollment_controller.go:197.16,201.3 1 0
github.com/keshablive/quester/internal/controllers/enrollment_controller.go:204.2,205.9 2 0
github.com/keshablive/quester/internal/controllers/enrollment_controller.go:205.9,209.3 1 0
github.com/keshablive/quester/internal/controllers/enrollment_controller.go:212.2,213.16 2 0
github.com/keshablive/quester/internal/controllers/enrollment_controller.go:213.16,217.3 1 0
github.com/keshablive/quester/internal/controllers/enrollment_controller.go:218.2,218.14 1 0
github.com/keshablive/quester/internal/controllers/enrollment_controller.go:218.14,222.3 1 0
github.com/keshablive/quester/internal/controllers/enrollment_controller.go:225.2,226.16 2 0
github.com/keshablive/quester/internal/controllers/enrollment_controller.go:226.16,230.3 1 0
github.com/keshablive/quester/internal/controllers/enrollment_controller.go:232.2,234.4 1 0
github.com/keshablive/quester/internal/controllers/enrollment_controller.go:238.71,241.16 2 0
github.com/keshablive/quester/internal/controllers/enrollment_controller.go:241.16,245.3 1 0
github.com/keshablive/quester/internal/controllers/enrollment_controller.go:248.2,249.9 2 0
github.com/keshablive/quester/internal/controllers/enrollment_controller.go:249.9,253.3 1 0
github.com/keshablive/quester/internal/controllers/enrollment_controller.go:256.2,257.16 2 0
github.com/keshablive/quester/internal/controllers/enrollment_controller.go:257.16,261.3 1 0
github.com/keshablive/quester/internal/controllers/enrollment_controller.go:263.2,265.4 1 0
github.com/keshablive/quester/internal/controllers/groups_controller.go:17.89,21.2 1 0
github.com/keshablive/quester/internal/controllers/groups_controller.go:24.62,37.45 5 0
github.com/keshablive/quester/internal/controllers/groups_controller.go:37.45,41.3 1 0
github.com/keshablive/quester/internal/controllers/groups_controller.go:44.2,44.25 1 0
github.com/keshablive/quester/internal/controllers/groups_controller.go:44.25,46.3 1 0
github.com/keshablive/quester/internal/controllers/groups_controller.go:48.2,58.16 2 0
github.com/keshablive/quester/internal/controllers/groups_controller.go:58.16,62.3 1 0
github.com/keshablive/quester/internal/controllers/groups_controller.go:64.2,64.52 1 0
github.com/keshablive/quester/internal/controllers/groups_controller.go:68.59,74.16 4 0
github.com/keshablive/quester/internal/controllers/groups_controller.go:74.16,78.3 1 0
github.com/keshablive/quester/internal/controllers/groups_controller.go:80.2,80.24 1 0
github.com/keshablive/quester/internal/controllers/groups_controller.go:84.64,92.14 5 0
github.com/keshablive/quester/internal/controllers/groups_controller.go:92.14,94.3 1 0
github.com/keshablive/quester/internal/controllers/groups_controller.go:95.2,95.29 1 0
github.com/keshablive/quester/internal/controllers/groups_controller.go:95.29,97.3 1 0
github.com/keshablive/quester/internal/controllers/groups_controller.go:99.2,100.16 2 0
github.com/keshablive/quester/internal/controllers/groups_controller.go:100.16,104.3 1 0
github.com/keshablive/quester/internal/controllers/groups_controller.go:106.2,114.4 1 0
github.com/keshablive/quester/internal/controllers/groups_controller.go:118.65,129.45 6 0
github.com/keshablive/quester/internal/controllers/groups_controller.go:129.45,133.3 1 0
github.com/keshablive/quester/internal/controllers/groups_controller.go:135.2,143.16 2 0
github.com/keshablive/quester/internal/controllers/groups_controller.go:143.16,147.3 1 0
github.com/keshablive/quester/internal/controllers/groups_controller.go:149.2,149.53 1 0
github.com/keshablive/quester/internal/controllers/groups_controller.go:153.68,159.114 5 0
github.com/keshablive/quester/internal/controllers/groups_controller.go:159.114,163.3 1 0
github.com/keshablive/quester/internal/controllers/groups_controller.go:165.2,165.52 1 0
github.com/keshablive/quester/internal/controllers/groups_controller.go:169.72,180.45 7 0
github.com/keshablive/quester/internal/controllers/groups_controller.go:180.45,184.3 1 0
github.com/keshablive/quester/internal/controllers/groups_controller.go:186.2,186.128 1 0
github.com/keshablive/quester/internal/controllers/groups_controller.go:186.128,190.3 1 0
github.com/keshablive/quester/internal/controllers/groups_controller.go:192.2,194.4 1 0
github.com/keshablive/quester/internal/controllers/groups_controller.go:198.66,206.14 5 0
github.com/keshablive/quester/internal/controllers/groups_controller.go:206.14,208.3 1 0
github.com/keshablive/quester/internal/controllers/groups_controller.go:209.2,209.30 1 0
github.com/keshablive/quester/internal/controllers/groups_controller.go:209.30,211.3 1 0
github.com/keshablive/quester/internal/controllers/groups_controller.go:213.2,214.16 2 0
github.com/keshablive/quester/internal/controllers/groups_controller.go:214.16,218.3 1 0
[...]
github.com/keshablive/quester/internal/services/two_factor_service.go:190.72,194.16 3 0
github.com/keshablive/quester/internal/services/two_factor_service.go:194.16,195.45 1 0
github.com/keshablive/quester/internal/services/two_factor_service.go:195.45,197.4 1 0
github.com/keshablive/quester/internal/services/two_factor_service.go:198.3,198.13 1 0
github.com/keshablive/quester/internal/services/two_factor_service.go:202.2,203.50 2 0
github.com/keshablive/quester/internal/services/two_factor_service.go:203.50,212.17 3 0
github.com/keshablive/quester/internal/services/two_factor_service.go:212.17,214.4 1 0
github.com/keshablive/quester/internal/services/two_factor_service.go:215.3,219.29 3 0
github.com/keshablive/quester/internal/services/two_factor_service.go:220.8,223.3 1 0
github.com/keshablive/quester/internal/services/two_factor_service.go:226.2,227.12 2 0
github.com/keshablive/quester/internal/services/two_factor_service.go:227.12,229.3 1 0
github.com/keshablive/quester/internal/services/two_factor_service.go:232.2,233.61 2 0
github.com/keshablive/quester/internal/services/two_factor_service.go:233.61,235.3 1 0
github.com/keshablive/quester/internal/services/two_factor_service.go:237.2,237.12 1 0
github.com/keshablive/quester/internal/services/two_factor_service.go:241.60,245.16 3 0
github.com/keshablive/quester/internal/services/two_factor_service.go:245.16,246.45 1 0
github.com/keshablive/quester/internal/services/two_factor_service.go:246.45,248.4 1 0
github.com/keshablive/quester/internal/services/two_factor_service.go:249.3,249.13 1 0
github.com/keshablive/quester/internal/services/two_factor_service.go:253.2,253.61 1 0
github.com/keshablive/quester/internal/services/two_factor_service.go:253.61,255.3 1 0
github.com/keshablive/quester/internal/services/two_factor_service.go:258.2,258.69 1 0
github.com/keshablive/quester/internal/services/two_factor_service.go:258.69,260.3 1 0
github.com/keshablive/quester/internal/services/two_factor_service.go:263.2,263.72 1 0
github.com/keshablive/quester/internal/services/two_factor_service.go:263.72,265.3 1 0
github.com/keshablive/quester/internal/services/two_factor_service.go:267.2,267.12 1 0
github.com/keshablive/quester/internal/services/two_factor_service.go:271.86,275.16 3 0
github.com/keshablive/quester/internal/services/two_factor_service.go:275.16,276.45 1 0
github.com/keshablive/quester/internal/services/two_factor_service.go:276.45,278.4 1 0
github.com/keshablive/quester/internal/services/two_factor_service.go:279.3,279.20 1 0
github.com/keshablive/quester/internal/services/two_factor_service.go:283.2,283.20 1 0
github.com/keshablive/quester/internal/services/two_factor_service.go:283.20,286.51 2 0
github.com/keshablive/quester/internal/services/two_factor_service.go:286.51,295.18 3 0
github.com/keshablive/quester/internal/services/two_factor_service.go:295.18,297.5 1 0
github.com/keshablive/quester/internal/services/two_factor_service.go:298.4,303.40 4 0
github.com/keshablive/quester/internal/services/two_factor_service.go:304.9,307.4 1 0
github.com/keshablive/quester/internal/services/two_factor_service.go:309.3,310.12 2 0
github.com/keshablive/quester/internal/services/two_factor_service.go:310.12,312.4 1 0
github.com/keshablive/quester/internal/services/two_factor_service.go:316.2,316.20 1 0
github.com/keshablive/quester/internal/services/two_factor_service.go:316.20,318.17 2 0
github.com/keshablive/quester/internal/services/two_factor_service.go:318.17,320.4 1 0
github.com/keshablive/quester/internal/services/two_factor_service.go:322.3,322.34 1 0
github.com/keshablive/quester/internal/services/two_factor_service.go:322.34,323.91 1 0
github.com/keshablive/quester/internal/services/two_factor_service.go:323.91,328.61 4 0
github.com/keshablive/quester/internal/services/two_factor_service.go:328.61,330.6 1 0
github.com/keshablive/quester/internal/services/two_factor_service.go:331.5,331.21 1 0
github.com/keshablive/quester/internal/services/two_factor_service.go:336.2,336.19 1 0
github.com/keshablive/quester/internal/services/two_factor_service.go:340.70,343.16 3 0
github.com/keshablive/quester/internal/services/two_factor_service.go:343.16,344.45 1 0
github.com/keshablive/quester/internal/services/two_factor_service.go:344.45,346.4 1 0
github.com/keshablive/quester/internal/services/two_factor_service.go:347.3,347.20 1 0
github.com/keshablive/quester/internal/services/two_factor_service.go:349.2,349.18 1 0
github.com/keshablive/quester/internal/services/two_factor_service.go:363.126,366.16 3 0
github.com/keshablive/quester/internal/services/two_factor_service.go:366.16,368.3 1 0
github.com/keshablive/quester/internal/services/two_factor_service.go:370.2,371.33 2 0
github.com/keshablive/quester/internal/services/two_factor_service.go:371.33,380.3 1 0
github.com/keshablive/quester/internal/services/two_factor_service.go:382.2,382.20 1 0
github.com/keshablive/quester/internal/services/two_factor_service.go:386.124,389.16 2 0
github.com/keshablive/quester/internal/services/two_factor_service.go:389.16,391.3 1 0
github.com/keshablive/quester/internal/services/two_factor_service.go:394.2,405.65 3 0
github.com/keshablive/quester/internal/services/two_factor_service.go:405.65,407.3 1 0
github.com/keshablive/quester/internal/services/two_factor_service.go:409.2,409.24 1 0
github.com/keshablive/quester/internal/services/two_factor_service.go:413.98,416.16 3 0
github.com/keshablive/quester/internal/services/two_factor_service.go:416.16,417.45 1 0
github.com/keshablive/quester/internal/services/two_factor_service.go:417.45,419.4 1 0
github.com/keshablive/quester/internal/services/two_factor_service.go:420.3,420.20 1 0
github.com/keshablive/quester/internal/services/two_factor_service.go:424.2,424.24 1 0
github.com/keshablive/quester/internal/services/two_factor_service.go:424.24,428.3 2 0
github.com/keshablive/quester/internal/services/two_factor_service.go:431.2,434.18 3 0
github.com/keshablive/quester/internal/services/two_factor_service.go:438.115,440.16 2 0
github.com/keshablive/quester/internal/services/two_factor_service.go:440.16,442.3 1 0
github.com/keshablive/quester/internal/services/two_factor_service.go:444.2,446.16 3 0
github.com/keshablive/quester/internal/services/two_factor_service.go:446.16,447.45 1 0
github.com/keshablive/quester/internal/services/two_factor_service.go:447.45,449.4 1 0
github.com/keshablive/quester/internal/services/two_factor_service.go:450.3,450.13 1 0
github.com/keshablive/quester/internal/services/two_factor_service.go:454.2,454.58 1 0
github.com/keshablive/quester/internal/services/two_factor_service.go:454.58,456.3 1 0
github.com/keshablive/quester/internal/services/two_factor_service.go:459.2,459.64 1 0
github.com/keshablive/quester/internal/services/two_factor_service.go:459.64,461.3 1 0
github.com/keshablive/quester/internal/services/two_factor_service.go:463.2,463.12 1 0
github.com/keshablive/quester/internal/services/two_factor_service.go:467.147,469.16 2 0
github.com/keshablive/quester/internal/services/two_factor_service.go:469.16,471.3 1 0
github.com/keshablive/quester/internal/services/two_factor_service.go:473.2,482.61 3 0
github.com/keshablive/quester/internal/services/two_factor_service.go:482.61,484.3 1 0
github.com/keshablive/quester/internal/services/two_factor_service.go:486.2,486.12 1 0
github.com/keshablive/quester/internal/services/two_factor_service.go:492.43,495.40 3 0
github.com/keshablive/quester/internal/services/two_factor_service.go:495.40,497.3 1 0
github.com/keshablive/quester/internal/services/two_factor_service.go:499.2,499.25 1 0
github.com/keshablive/quester/internal/services/two_factor_service.go:499.25,501.3 1 0
github.com/keshablive/quester/internal/services/two_factor_service.go:503.2,503.23 1 0
github.com/keshablive/quester/internal/services/two_factor_service.go:507.43,509.40 2 0
github.com/keshablive/quester/internal/services/two_factor_service.go:509.40,511.3 1 0
github.com/keshablive/quester/internal/services/two_factor_service.go:512.2,512.50 1 0
github.com/keshablive/quester/internal/services/two_factor_service.go:516.44,518.2 1 0
github.com/keshablive/quester/internal/services/two_factor_service.go:522.54,524.2 1 0
github.com/keshablive/quester/internal/services/user_service.go:29.16,35.2 1 0
github.com/keshablive/quester/internal/services/user_service.go:39.94,40.19 1 0
github.com/keshablive/quester/internal/services/user_service.go:40.19,42.3 1 0
github.com/keshablive/quester/internal/services/user_service.go:45.2,45.67 1 0
github.com/keshablive/quester/internal/services/user_service.go:45.67,50.35 2 0
github.com/keshablive/quester/internal/services/user_service.go:50.35,51.46 1 0
github.com/keshablive/quester/internal/services/user_service.go:51.46,53.5 1 0
github.com/keshablive/quester/internal/services/user_service.go:54.4,54.52 1 0
github.com/keshablive/quester/internal/services/user_service.go:58.3,63.19 4 0
github.com/keshablive/quester/internal/services/user_service.go:63.19,65.4 1 0
github.com/keshablive/quester/internal/services/user_service.go:68.3,71.24 1 0
github.com/keshablive/quester/internal/services/user_service.go:71.24,73.4 1 0
github.com/keshablive/quester/internal/services/user_service.go:76.3,87.17 3 0
github.com/keshablive/quester/internal/services/user_service.go:87.17,90.4 1 0
github.com/keshablive/quester/internal/services/user_service.go:92.3,92.13 1 0
github.com/keshablive/quester/internal/services/video_stream_service.go:35.95,63.16 3 0
github.com/keshablive/quester/internal/services/video_stream_service.go:63.16,65.3 1 0
github.com/keshablive/quester/internal/services/video_stream_service.go:67.2,80.21 4 0
github.com/keshablive/quester/internal/services/video_stream_service.go:84.54,86.2 1 0
github.com/keshablive/quester/internal/services/video_stream_service.go:89.53,91.2 1 0
github.com/keshablive/quester/internal/services/video_stream_service.go:94.128,96.23 1 0
github.com/keshablive/quester/internal/services/video_stream_service.go:96.23,98.3 1 0
github.com/keshablive/quester/internal/services/video_stream_service.go:100.2,100.91 1 0
github.com/keshablive/quester/internal/services/video_stream_service.go:100.91,102.3 1 0
github.com/keshablive/quester/internal/services/video_stream_service.go:105.2,118.50 2 0
github.com/keshablive/quester/internal/services/video_stream_service.go:118.50,120.3 1 0
github.com/keshablive/quester/internal/services/video_stream_service.go:122.2,122.20 1 0
github.com/keshablive/quester/internal/services/video_stream_service.go:136.89,138.99 2 0
github.com/keshablive/quester/internal/services/video_stream_service.go:138.99,139.36 1 0
github.com/keshablive/quester/internal/services/video_stream_service.go:139.36,141.4 1 0
github.com/keshablive/quester/internal/services/video_stream_service.go:142.3,142.52 1 0
github.com/keshablive/quester/internal/services/video_stream_service.go:145.2,145.21 1 0
github.com/keshablive/quester/internal/services/video_stream_service.go:149.126,151.16 2 0
github.com/keshablive/quester/internal/services/video_stream_service.go:151.16,153.3 1 0
github.com/keshablive/quester/internal/services/video_stream_service.go:156.2,158.33 2 0
github.com/keshablive/quester/internal/services/video_stream_service.go:162.123,166.30 2 0
github.com/keshablive/quester/internal/services/video_stream_service.go:166.30,168.3 1 0
github.com/keshablive/quester/internal/services/video_stream_service.go:169.2,169.31 1 0
github.com/keshablive/quester/internal/services/video_stream_service.go:169.31,171.3 1 0
github.com/keshablive/quester/internal/services/video_stream_service.go:172.2,172.27 1 0
github.com/keshablive/quester/internal/services/video_stream_service.go:172.27,174.3 1 0
github.com/keshablive/quester/internal/services/video_stream_service.go:177.2,178.79 2 0
github.com/keshablive/quester/internal/services/video_stream_service.go:178.79,180.3 1 0
github.com/keshablive/quester/internal/services/video_stream_service.go:183.2,186.23 3 0
github.com/keshablive/quester/internal/services/video_stream_service.go:186.23,188.3 1 0
github.com/keshablive/quester/internal/services/video_stream_service.go:189.2,189.24 1 0
github.com/keshablive/quester/internal/services/video_stream_service.go:189.24,191.3 1 0
github.com/keshablive/quester/internal/services/video_stream_service.go:193.2,193.51 1 0
github.com/keshablive/quester/internal/services/video_stream_service.go:193.51,195.3 1 0
github.com/keshablive/quester/internal/services/video_stream_service.go:197.2,197.28 1 0
github.com/keshablive/quester/internal/services/video_stream_service.go:210.68,212.16 2 0
github.com/keshablive/quester/internal/services/video_stream_service.go:212.16,214.3 1 0
github.com/keshablive/quester/internal/services/video_stream_service.go:217.2,217.33 1 0
github.com/keshablive/quester/internal/services/video_stream_service.go:217.33,219.3 1 0
github.com/keshablive/quester/internal/services/video_stream_service.go:222.2,223.48 2 0
github.com/keshablive/quester/internal/services/video_stream_service.go:223.48,225.3 1 0
github.com/keshablive/quester/internal/services/video_stream_service.go:228.2,228.59 1 0
github.com/keshablive/quester/internal/services/video_stream_service.go:228.59,233.3 3 0
github.com/keshablive/quester/internal/services/video_stream_service.go:235.2,235.12 1 0
github.com/keshablive/quester/internal/services/video_stream_service.go:239.66,241.16 2 0
github.com/keshablive/quester/internal/services/video_stream_service.go:241.16,243.3 1 0
github.com/keshablive/quester/internal/services/video_stream_service.go:246.2,247.48 2 0
github.com/keshablive/quester/internal/services/video_stream_service.go:247.48,249.3 1 0
github.com/keshablive/quester/internal/services/video_stream_service.go:252.2,252.58 1 0
github.com/keshablive/quester/internal/services/video_stream_service.go:252.58,254.3 1 0
github.com/keshablive/quester/internal/services/video_stream_service.go:256.2,256.12 1 0
github.com/keshablive/quester/internal/services/video_stream_service.go:260.89,263.13 2 0
github.com/keshablive/quester/internal/services/video_stream_service.go:263.13,265.3 1 0
github.com/keshablive/quester/internal/services/video_stream_service.go:268.2,280.16 4 0
github.com/keshablive/quester/internal/services/video_stream_service.go:280.16,282.3 1 0
github.com/keshablive/quester/internal/services/video_stream_service.go:285.2,296.16 3 0
github.com/keshablive/quester/internal/services/video_stream_service.go:296.16,298.3 1 0
github.com/keshablive/quester/internal/services/video_stream_service.go:301.2,302.23 2 0
github.com/keshablive/quester/internal/services/video_stream_service.go:302.23,310.17 3 0
github.com/keshablive/quester/internal/services/video_stream_service.go:310.17,312.4 1 0
github.com/keshablive/quester/internal/services/video_stream_service.go:314.3,314.44 1 0
github.com/keshablive/quester/internal/services/video_stream_service.go:314.44,316.4 1 0
github.com/keshablive/quester/internal/services/video_stream_service.go:320.2,320.43 1 0
github.com/keshablive/quester/internal/services/video_stream_service.go:320.43,322.3 1 0
github.com/keshablive/quester/internal/services/video_stream_service.go:325.2,325.41 1 0
github.com/keshablive/quester/internal/services/video_stream_service.go:325.41,328.3 2 0
github.com/keshablive/quester/internal/services/video_stream_service.go:331.2,335.12 4 0
github.com/keshablive/quester/internal/services/video_stream_service.go:339.88,342.13 2 0
github.com/keshablive/quester/internal/services/video_stream_service.go:342.13,345.3 1 0
github.com/keshablive/quester/internal/services/video_stream_service.go:348.2,348.31 1 0
github.com/keshablive/quester/internal/services/video_stream_service.go:348.31,349.51 1 0
github.com/keshablive/quester/internal/services/video_stream_service.go:349.51,351.4 1 0
github.com/keshablive/quester/internal/services/video_stream_service.go:355.2,355.32 1 0
github.com/keshablive/quester/internal/services/video_stream_service.go:355.32,356.52 1 0
github.com/keshablive/quester/internal/services/video_stream_service.go:356.52,358.4 1 0
github.com/keshablive/quester/internal/services/video_stream_service.go:362.2,362.31 1 0
github.com/keshablive/quester/internal/services/video_stream_service.go:362.31,363.51 1 0
github.com/keshablive/quester/internal/services/video_stream_service.go:363.51,365.4 1 0
github.com/keshablive/quester/internal/services/video_stream_service.go:368.2,368.12 1 0
github.com/keshablive/quester/internal/services/video_stream_service.go:372.85,374.16 2 0
github.com/keshablive/quester/internal/services/video_stream_service.go:374.16,376.3 1 0
github.com/keshablive/quester/internal/services/video_stream_service.go:379.2,381.48 2 0
github.com/keshablive/quester/internal/services/video_stream_service.go:381.48,383.3 1 0
github.com/keshablive/quester/internal/services/video_stream_service.go:385.2,385.12 1 0
github.com/keshablive/quester/internal/services/video_stream_service.go:389.98,396.16 3 0
github.com/keshablive/quester/internal/services/video_stream_service.go:396.16,398.3 1 0
github.com/keshablive/quester/internal/services/video_stream_service.go:400.2,400.21 1 0
github.com/keshablive/quester/internal/services/video_stream_service.go:404.97,406.16 2 0
github.com/keshablive/quester/internal/services/video_stream_service.go:406.16,408.3 1 0
github.com/keshablive/quester/internal/services/video_stream_service.go:410.2,424.21 2 0
github.com/keshablive/quester/internal/services/video_stream_service.go:424.21,426.13 2 0
github.com/keshablive/quester/internal/services/video_stream_service.go:426.13,431.33 4 0
github.com/keshablive/quester/internal/services/video_stream_service.go:431.33,433.5 1 0
github.com/keshablive/quester/internal/services/video_stream_service.go:434.4,434.34 1 0
github.com/keshablive/quester/internal/services/video_stream_service.go:434.34,436.5 1 0
github.com/keshablive/quester/internal/services/video_stream_service.go:437.4,437.33 1 0
github.com/keshablive/quester/internal/services/video_stream_service.go:437.33,439.5 1 0
github.com/keshablive/quester/internal/services/video_stream_service.go:443.2,443.19 1 0
github.com/keshablive/quester/internal/services/video_stream_service.go:447.69,449.16 2 0
github.com/keshablive/quester/internal/services/video_stream_service.go:449.16,451.3 1 0
github.com/keshablive/quester/internal/services/video_stream_service.go:454.2,454.21 1 0
github.com/keshablive/quester/internal/services/video_stream_service.go:454.21,455.47 1 0
github.com/keshablive/quester/internal/services/video_stream_service.go:455.47,457.4 1 0
github.com/keshablive/quester/internal/services/video_stream_service.go:461.2,461.50 1 0
github.com/keshablive/quester/internal/services/video_stream_service.go:461.50,463.3 1 0
github.com/keshablive/quester/internal/services/video_stream_service.go:465.2,465.12 1 0
github.com/keshablive/quester/internal/services/video_stream_service.go:469.60,475.16 3 0
github.com/keshablive/quester/internal/services/video_stream_service.go:475.16,477.3 1 0
github.com/keshablive/quester/internal/services/video_stream_service.go:479.2,479.30 1 0
github.com/keshablive/quester/internal/services/video_stream_service.go:479.30,482.3 2 0
github.com/keshablive/quester/internal/services/video_stream_service.go:484.2,487.40 2 0
github.com/keshablive/quester/internal/services/video_stream_service.go:487.40,499.17 3 0
github.com/keshablive/quester/internal/services/video_stream_service.go:499.17,501.12 2 0
github.com/keshablive/quester/internal/services/video_stream_service.go:504.3,504.49 1 0
github.com/keshablive/quester/internal/services/video_stream_service.go:504.49,506.4 1 0
github.com/keshablive/quester/internal/services/video_stream_service.go:509.3,509.51 1 0
github.com/keshablive/quester/internal/services/video_stream_service.go:509.51,511.12 2 0
github.com/keshablive/quester/internal/services/video_stream_service.go:514.3,514.59 1 0
github.com/keshablive/quester/internal/services/video_stream_service.go:517.2,517.12 1 0
